Started GET "/" for 127.0.0.1 at 2019-08-18 08:05:32 +0100
Processing by Rails::WelcomeController#index as HTML
  Rendering /usr/local/rvm/gems/ruby-2.5.1@helpesk/gems/railties-5.2.3/lib/rails/templates/rails/welcome/index.html.erb
  Rendered /usr/local/rvm/gems/ruby-2.5.1@helpesk/gems/railties-5.2.3/lib/rails/templates/rails/welcome/index.html.erb (8.5ms)
Completed 200 OK in 47ms (Views: 26.4ms | ActiveRecord: 0.0ms)


  [1m[35m (1.1ms)[0m  [1m[35mSET  @@SESSION.sql_mode = CONCAT(CONCAT(@@sql_mode, ',STRICT_ALL_TABLES'), ',NO_AUTO_VALUE_ON_ZERO'),  @@SESSION.sql_auto_is_null = 0, @@SESSION.wait_timeout = 2147483[0m
  ↳ /usr/local/rvm/gems/ruby-2.5.1@helpesk/bin/rake:23
  [1m[35m (71.1ms)[0m  [1m[35mCREATE TABLE `schema_migrations` (`version` varchar(255) NOT NULL PRIMARY KEY)[0m
  ↳ /usr/local/rvm/gems/ruby-2.5.1@helpesk/bin/rake:23
  [1m[35m (51.9ms)[0m  [1m[35mCREATE TABLE `ar_internal_metadata` (`key` varchar(255) NOT NULL PRIMARY KEY, `value` varchar(255), `created_at` datetime NOT NULL, `updated_at` datetime NOT NULL)[0m
  ↳ /usr/local/rvm/gems/ruby-2.5.1@helpesk/bin/rake:23
  [1m[35m (0.6ms)[0m  [1m[34mSELECT GET_LOCK('4592534957534270880', 0)[0m
  ↳ /usr/local/rvm/gems/ruby-2.5.1@helpesk/bin/rake:23
  [1m[35m (13.4ms)[0m  [1m[34mSELECT `schema_migrations`.`version` FROM `schema_migrations` ORDER BY `schema_migrations`.`version` ASC[0m
  ↳ /usr/local/rvm/gems/ruby-2.5.1@helpesk/bin/rake:23
Migrating to Quiz (20190818070825)
  [1m[35m (0.7ms)[0m  [1m[35mBEGIN[0m
  ↳ /usr/local/rvm/gems/ruby-2.5.1@helpesk/bin/rake:23
  [1m[36mActiveRecord::SchemaMigration Create (7.8ms)[0m  [1m[32mINSERT INTO `schema_migrations` (`version`) VALUES ('20190818070825')[0m
  ↳ /usr/local/rvm/gems/ruby-2.5.1@helpesk/bin/rake:23
  [1m[35m (5.5ms)[0m  [1m[35mCOMMIT[0m
  ↳ /usr/local/rvm/gems/ruby-2.5.1@helpesk/bin/rake:23
  [1m[36mActiveRecord::InternalMetadata Load (2.4ms)[0m  [1m[34mSELECT  `ar_internal_metadata`.* FROM `ar_internal_metadata` WHERE `ar_internal_metadata`.`key` = 'environment' LIMIT 1[0m
  ↳ /usr/local/rvm/gems/ruby-2.5.1@helpesk/bin/rake:23
  [1m[35m (0.6ms)[0m  [1m[35mBEGIN[0m
  ↳ /usr/local/rvm/gems/ruby-2.5.1@helpesk/bin/rake:23
  [1m[36mActiveRecord::InternalMetadata Create (1.6ms)[0m  [1m[32mINSERT INTO `ar_internal_metadata` (`key`, `value`, `created_at`, `updated_at`) VALUES ('environment', 'development', '2019-08-18 08:27:22', '2019-08-18 08:27:22')[0m
  ↳ /usr/local/rvm/gems/ruby-2.5.1@helpesk/bin/rake:23
  [1m[35m (6.6ms)[0m  [1m[35mCOMMIT[0m
  ↳ /usr/local/rvm/gems/ruby-2.5.1@helpesk/bin/rake:23
  [1m[35m (0.8ms)[0m  [1m[34mSELECT RELEASE_LOCK('4592534957534270880')[0m
  ↳ /usr/local/rvm/gems/ruby-2.5.1@helpesk/bin/rake:23
  [1m[35m (1.2ms)[0m  [1m[34mSELECT `schema_migrations`.`version` FROM `schema_migrations` ORDER BY `schema_migrations`.`version` ASC[0m
  ↳ /usr/local/rvm/gems/ruby-2.5.1@helpesk/bin/rake:23
  [1m[35m (1.0ms)[0m  [1m[35mSET  @@SESSION.sql_mode = CONCAT(CONCAT(@@sql_mode, ',STRICT_ALL_TABLES'), ',NO_AUTO_VALUE_ON_ZERO'),  @@SESSION.sql_auto_is_null = 0, @@SESSION.wait_timeout = 2147483[0m
  ↳ /usr/local/rvm/gems/ruby-2.5.1@helpesk/bin/rake:23
  [1m[35m (0.6ms)[0m  [1m[34mSELECT GET_LOCK('4592534957534270880', 0)[0m
  ↳ /usr/local/rvm/gems/ruby-2.5.1@helpesk/bin/rake:23
  [1m[35m (1.0ms)[0m  [1m[34mSELECT `schema_migrations`.`version` FROM `schema_migrations` ORDER BY `schema_migrations`.`version` ASC[0m
  ↳ /usr/local/rvm/gems/ruby-2.5.1@helpesk/bin/rake:23
  [1m[36mActiveRecord::InternalMetadata Load (1.1ms)[0m  [1m[34mSELECT  `ar_internal_metadata`.* FROM `ar_internal_metadata` WHERE `ar_internal_metadata`.`key` = 'environment' LIMIT 1[0m
  ↳ /usr/local/rvm/gems/ruby-2.5.1@helpesk/bin/rake:23
  [1m[35m (0.7ms)[0m  [1m[35mBEGIN[0m
  ↳ /usr/local/rvm/gems/ruby-2.5.1@helpesk/bin/rake:23
  [1m[35m (0.5ms)[0m  [1m[35mCOMMIT[0m
  ↳ /usr/local/rvm/gems/ruby-2.5.1@helpesk/bin/rake:23
  [1m[35m (0.5ms)[0m  [1m[34mSELECT RELEASE_LOCK('4592534957534270880')[0m
  ↳ /usr/local/rvm/gems/ruby-2.5.1@helpesk/bin/rake:23
  [1m[35m (0.5ms)[0m  [1m[34mSELECT `schema_migrations`.`version` FROM `schema_migrations` ORDER BY `schema_migrations`.`version` ASC[0m
  ↳ /usr/local/rvm/gems/ruby-2.5.1@helpesk/bin/rake:23
  [1m[35m (1.1ms)[0m  [1m[35mSET  @@SESSION.sql_mode = CONCAT(CONCAT(@@sql_mode, ',STRICT_ALL_TABLES'), ',NO_AUTO_VALUE_ON_ZERO'),  @@SESSION.sql_auto_is_null = 0, @@SESSION.wait_timeout = 2147483[0m
  ↳ /usr/local/rvm/gems/ruby-2.5.1@helpesk/bin/rake:23
  [1m[35m (0.4ms)[0m  [1m[34mSELECT GET_LOCK('4592534957534270880', 0)[0m
  ↳ /usr/local/rvm/gems/ruby-2.5.1@helpesk/bin/rake:23
  [1m[35m (0.7ms)[0m  [1m[34mSELECT `schema_migrations`.`version` FROM `schema_migrations` ORDER BY `schema_migrations`.`version` ASC[0m
  ↳ /usr/local/rvm/gems/ruby-2.5.1@helpesk/bin/rake:23
Migrating to CreateQuestion (20190818083601)
  [1m[35m (68.8ms)[0m  [1m[35mCREATE TABLE `questions` (`id` bigint NOT NULL AUTO_INCREMENT PRIMARY KEY, `created_at` datetime NOT NULL, `updated_at` datetime NOT NULL)[0m
  ↳ db/migrate/20190818083601_create_question.rb:3
  [1m[35m (1.1ms)[0m  [1m[35mBEGIN[0m
  ↳ /usr/local/rvm/gems/ruby-2.5.1@helpesk/bin/rake:23
  [1m[36mActiveRecord::SchemaMigration Create (1.7ms)[0m  [1m[32mINSERT INTO `schema_migrations` (`version`) VALUES ('20190818083601')[0m
  ↳ /usr/local/rvm/gems/ruby-2.5.1@helpesk/bin/rake:23
  [1m[35m (7.3ms)[0m  [1m[35mCOMMIT[0m
  ↳ /usr/local/rvm/gems/ruby-2.5.1@helpesk/bin/rake:23
  [1m[36mActiveRecord::InternalMetadata Load (1.5ms)[0m  [1m[34mSELECT  `ar_internal_metadata`.* FROM `ar_internal_metadata` WHERE `ar_internal_metadata`.`key` = 'environment' LIMIT 1[0m
  ↳ /usr/local/rvm/gems/ruby-2.5.1@helpesk/bin/rake:23
  [1m[35m (0.7ms)[0m  [1m[35mBEGIN[0m
  ↳ /usr/local/rvm/gems/ruby-2.5.1@helpesk/bin/rake:23
  [1m[35m (0.7ms)[0m  [1m[35mCOMMIT[0m
  ↳ /usr/local/rvm/gems/ruby-2.5.1@helpesk/bin/rake:23
  [1m[35m (0.8ms)[0m  [1m[34mSELECT RELEASE_LOCK('4592534957534270880')[0m
  ↳ /usr/local/rvm/gems/ruby-2.5.1@helpesk/bin/rake:23
  [1m[35m (0.8ms)[0m  [1m[34mSELECT `schema_migrations`.`version` FROM `schema_migrations` ORDER BY `schema_migrations`.`version` ASC[0m
  ↳ /usr/local/rvm/gems/ruby-2.5.1@helpesk/bin/rake:23
  [1m[35m (1.1ms)[0m  [1m[35mSET  @@SESSION.sql_mode = CONCAT(CONCAT(@@sql_mode, ',STRICT_ALL_TABLES'), ',NO_AUTO_VALUE_ON_ZERO'),  @@SESSION.sql_auto_is_null = 0, @@SESSION.wait_timeout = 2147483[0m
  ↳ /usr/local/rvm/gems/ruby-2.5.1@helpesk/bin/rake:23
  [1m[35m (0.6ms)[0m  [1m[34mSELECT GET_LOCK('4592534957534270880', 0)[0m
  ↳ /usr/local/rvm/gems/ruby-2.5.1@helpesk/bin/rake:23
  [1m[35m (0.9ms)[0m  [1m[34mSELECT `schema_migrations`.`version` FROM `schema_migrations` ORDER BY `schema_migrations`.`version` ASC[0m
  ↳ /usr/local/rvm/gems/ruby-2.5.1@helpesk/bin/rake:23
Migrating to CreateQuiz (20190818083840)
  [1m[35m (58.7ms)[0m  [1m[35mCREATE TABLE `quizes` (`id` bigint NOT NULL AUTO_INCREMENT PRIMARY KEY, `created_at` datetime NOT NULL, `updated_at` datetime NOT NULL)[0m
  ↳ db/migrate/20190818083840_create_quiz.rb:3
  [1m[35m (0.5ms)[0m  [1m[35mBEGIN[0m
  ↳ /usr/local/rvm/gems/ruby-2.5.1@helpesk/bin/rake:23
  [1m[36mActiveRecord::SchemaMigration Create (1.5ms)[0m  [1m[32mINSERT INTO `schema_migrations` (`version`) VALUES ('20190818083840')[0m
  ↳ /usr/local/rvm/gems/ruby-2.5.1@helpesk/bin/rake:23
  [1m[35m (6.5ms)[0m  [1m[35mCOMMIT[0m
  ↳ /usr/local/rvm/gems/ruby-2.5.1@helpesk/bin/rake:23
Migrating to CreateQuestions (20190818084001)
  [1m[35m (1.8ms)[0m  [1m[35mCREATE TABLE `questions` (`id` bigint NOT NULL AUTO_INCREMENT PRIMARY KEY, `created_at` datetime NOT NULL, `updated_at` datetime NOT NULL)[0m
  ↳ db/migrate/20190818084001_create_questions.rb:3
  [1m[35m (0.6ms)[0m  [1m[34mSELECT RELEASE_LOCK('4592534957534270880')[0m
  ↳ /usr/local/rvm/gems/ruby-2.5.1@helpesk/bin/rake:23
  [1m[35m (1.1ms)[0m  [1m[35mSET  @@SESSION.sql_mode = CONCAT(CONCAT(@@sql_mode, ',STRICT_ALL_TABLES'), ',NO_AUTO_VALUE_ON_ZERO'),  @@SESSION.sql_auto_is_null = 0, @@SESSION.wait_timeout = 2147483[0m
  ↳ /usr/local/rvm/gems/ruby-2.5.1@helpesk/bin/rake:23
  [1m[35m (0.6ms)[0m  [1m[34mSELECT GET_LOCK('4592534957534270880', 0)[0m
  ↳ /usr/local/rvm/gems/ruby-2.5.1@helpesk/bin/rake:23
  [1m[35m (1.0ms)[0m  [1m[34mSELECT `schema_migrations`.`version` FROM `schema_migrations` ORDER BY `schema_migrations`.`version` ASC[0m
  ↳ /usr/local/rvm/gems/ruby-2.5.1@helpesk/bin/rake:23
  [1m[36mActiveRecord::InternalMetadata Load (1.1ms)[0m  [1m[34mSELECT  `ar_internal_metadata`.* FROM `ar_internal_metadata` WHERE `ar_internal_metadata`.`key` = 'environment' LIMIT 1[0m
  ↳ /usr/local/rvm/gems/ruby-2.5.1@helpesk/bin/rake:23
  [1m[35m (0.6ms)[0m  [1m[35mBEGIN[0m
  ↳ /usr/local/rvm/gems/ruby-2.5.1@helpesk/bin/rake:23
  [1m[35m (0.5ms)[0m  [1m[35mCOMMIT[0m
  ↳ /usr/local/rvm/gems/ruby-2.5.1@helpesk/bin/rake:23
  [1m[35m (0.6ms)[0m  [1m[34mSELECT RELEASE_LOCK('4592534957534270880')[0m
  ↳ /usr/local/rvm/gems/ruby-2.5.1@helpesk/bin/rake:23
  [1m[35m (0.7ms)[0m  [1m[34mSELECT `schema_migrations`.`version` FROM `schema_migrations` ORDER BY `schema_migrations`.`version` ASC[0m
  ↳ /usr/local/rvm/gems/ruby-2.5.1@helpesk/bin/rake:23
  [1m[35m (1.2ms)[0m  [1m[35mSET  @@SESSION.sql_mode = CONCAT(CONCAT(@@sql_mode, ',STRICT_ALL_TABLES'), ',NO_AUTO_VALUE_ON_ZERO'),  @@SESSION.sql_auto_is_null = 0, @@SESSION.wait_timeout = 2147483[0m
  ↳ /usr/local/rvm/gems/ruby-2.5.1@helpesk/bin/rake:23
  [1m[35m (0.6ms)[0m  [1m[34mSELECT GET_LOCK('4592534957534270880', 0)[0m
  ↳ /usr/local/rvm/gems/ruby-2.5.1@helpesk/bin/rake:23
  [1m[35m (1.0ms)[0m  [1m[34mSELECT `schema_migrations`.`version` FROM `schema_migrations` ORDER BY `schema_migrations`.`version` ASC[0m
  ↳ /usr/local/rvm/gems/ruby-2.5.1@helpesk/bin/rake:23
  [1m[36mActiveRecord::InternalMetadata Load (1.0ms)[0m  [1m[34mSELECT  `ar_internal_metadata`.* FROM `ar_internal_metadata` WHERE `ar_internal_metadata`.`key` = 'environment' LIMIT 1[0m
  ↳ /usr/local/rvm/gems/ruby-2.5.1@helpesk/bin/rake:23
  [1m[35m (0.6ms)[0m  [1m[35mBEGIN[0m
  ↳ /usr/local/rvm/gems/ruby-2.5.1@helpesk/bin/rake:23
  [1m[35m (0.5ms)[0m  [1m[35mCOMMIT[0m
  ↳ /usr/local/rvm/gems/ruby-2.5.1@helpesk/bin/rake:23
  [1m[35m (0.6ms)[0m  [1m[34mSELECT RELEASE_LOCK('4592534957534270880')[0m
  ↳ /usr/local/rvm/gems/ruby-2.5.1@helpesk/bin/rake:23
  [1m[35m (0.9ms)[0m  [1m[34mSELECT `schema_migrations`.`version` FROM `schema_migrations` ORDER BY `schema_migrations`.`version` ASC[0m
  ↳ /usr/local/rvm/gems/ruby-2.5.1@helpesk/bin/rake:23
  [1m[35m (1.0ms)[0m  [1m[35mSET  @@SESSION.sql_mode = CONCAT(CONCAT(@@sql_mode, ',STRICT_ALL_TABLES'), ',NO_AUTO_VALUE_ON_ZERO'),  @@SESSION.sql_auto_is_null = 0, @@SESSION.wait_timeout = 2147483[0m
  ↳ /usr/local/rvm/gems/ruby-2.5.1@helpesk/bin/rake:23
  [1m[35m (0.6ms)[0m  [1m[34mSELECT GET_LOCK('4592534957534270880', 0)[0m
  ↳ /usr/local/rvm/gems/ruby-2.5.1@helpesk/bin/rake:23
  [1m[35m (1.0ms)[0m  [1m[34mSELECT `schema_migrations`.`version` FROM `schema_migrations` ORDER BY `schema_migrations`.`version` ASC[0m
  ↳ /usr/local/rvm/gems/ruby-2.5.1@helpesk/bin/rake:23
Migrating to AddQuizIdToQuestions (20190818084906)
  [1m[35m (52.3ms)[0m  [1m[35mALTER TABLE `questions` ADD `quiz_id` bigint[0m
  ↳ db/migrate/20190818084906_add_quiz_id_to_questions.rb:3
  [1m[35m (39.0ms)[0m  [1m[35mCREATE  INDEX `index_questions_on_quiz_id`  ON `questions` (`quiz_id`) [0m
  ↳ db/migrate/20190818084906_add_quiz_id_to_questions.rb:3
  [1m[35m (2.2ms)[0m  [1m[35mALTER TABLE `questions` ADD CONSTRAINT `fk_rails_0238c45a86`
FOREIGN KEY (`quiz_id`)
  REFERENCES `quizzes` (`id`)
[0m
  ↳ db/migrate/20190818084906_add_quiz_id_to_questions.rb:3
  [1m[35m (0.8ms)[0m  [1m[34mSELECT RELEASE_LOCK('4592534957534270880')[0m
  ↳ /usr/local/rvm/gems/ruby-2.5.1@helpesk/bin/rake:23
  [1m[35m (1.5ms)[0m  [1m[35mSET  @@SESSION.sql_mode = CONCAT(CONCAT(@@sql_mode, ',STRICT_ALL_TABLES'), ',NO_AUTO_VALUE_ON_ZERO'),  @@SESSION.sql_auto_is_null = 0, @@SESSION.wait_timeout = 2147483[0m
  ↳ /usr/local/rvm/gems/ruby-2.5.1@helpesk/bin/rake:23
  [1m[35m (0.8ms)[0m  [1m[34mSELECT GET_LOCK('4592534957534270880', 0)[0m
  ↳ /usr/local/rvm/gems/ruby-2.5.1@helpesk/bin/rake:23
  [1m[35m (1.6ms)[0m  [1m[34mSELECT `schema_migrations`.`version` FROM `schema_migrations` ORDER BY `schema_migrations`.`version` ASC[0m
  ↳ /usr/local/rvm/gems/ruby-2.5.1@helpesk/bin/rake:23
Migrating to AddQuizIdToQuestions (20190818084906)
  [1m[35m (4.1ms)[0m  [1m[35mALTER TABLE `questions` ADD `quiz_id` bigint[0m
  ↳ db/migrate/20190818084906_add_quiz_id_to_questions.rb:3
  [1m[35m (1.1ms)[0m  [1m[34mSELECT RELEASE_LOCK('4592534957534270880')[0m
  ↳ /usr/local/rvm/gems/ruby-2.5.1@helpesk/bin/rake:23
  [1m[35m (1.0ms)[0m  [1m[35mSET  @@SESSION.sql_mode = CONCAT(CONCAT(@@sql_mode, ',STRICT_ALL_TABLES'), ',NO_AUTO_VALUE_ON_ZERO'),  @@SESSION.sql_auto_is_null = 0, @@SESSION.wait_timeout = 2147483[0m
  ↳ /usr/local/rvm/gems/ruby-2.5.1@helpesk/bin/rake:23
  [1m[35m (0.5ms)[0m  [1m[34mSELECT GET_LOCK('4592534957534270880', 0)[0m
  ↳ /usr/local/rvm/gems/ruby-2.5.1@helpesk/bin/rake:23
  [1m[35m (0.9ms)[0m  [1m[34mSELECT `schema_migrations`.`version` FROM `schema_migrations` ORDER BY `schema_migrations`.`version` ASC[0m
  ↳ /usr/local/rvm/gems/ruby-2.5.1@helpesk/bin/rake:23
Migrating to AddQuizIdToQuestions (20190818084906)
  [1m[35m (3.5ms)[0m  [1m[35mALTER TABLE `questions` ADD `quiz_id` bigint[0m
  ↳ db/migrate/20190818084906_add_quiz_id_to_questions.rb:3
  [1m[35m (0.6ms)[0m  [1m[34mSELECT RELEASE_LOCK('4592534957534270880')[0m
  ↳ /usr/local/rvm/gems/ruby-2.5.1@helpesk/bin/rake:23
  [1m[35m (1.0ms)[0m  [1m[35mSET  @@SESSION.sql_mode = CONCAT(CONCAT(@@sql_mode, ',STRICT_ALL_TABLES'), ',NO_AUTO_VALUE_ON_ZERO'),  @@SESSION.sql_auto_is_null = 0, @@SESSION.wait_timeout = 2147483[0m
  ↳ /usr/local/rvm/gems/ruby-2.5.1@helpesk/bin/rake:23
  [1m[35m (0.6ms)[0m  [1m[34mSELECT GET_LOCK('4592534957534270880', 0)[0m
  ↳ /usr/local/rvm/gems/ruby-2.5.1@helpesk/bin/rake:23
  [1m[35m (0.9ms)[0m  [1m[34mSELECT `schema_migrations`.`version` FROM `schema_migrations` ORDER BY `schema_migrations`.`version` ASC[0m
  ↳ /usr/local/rvm/gems/ruby-2.5.1@helpesk/bin/rake:23
  [1m[36mActiveRecord::InternalMetadata Load (1.0ms)[0m  [1m[34mSELECT  `ar_internal_metadata`.* FROM `ar_internal_metadata` WHERE `ar_internal_metadata`.`key` = 'environment' LIMIT 1[0m
  ↳ /usr/local/rvm/gems/ruby-2.5.1@helpesk/bin/rake:23
  [1m[35m (0.5ms)[0m  [1m[35mBEGIN[0m
  ↳ /usr/local/rvm/gems/ruby-2.5.1@helpesk/bin/rake:23
  [1m[35m (0.6ms)[0m  [1m[35mCOMMIT[0m
  ↳ /usr/local/rvm/gems/ruby-2.5.1@helpesk/bin/rake:23
  [1m[35m (0.5ms)[0m  [1m[34mSELECT RELEASE_LOCK('4592534957534270880')[0m
  ↳ /usr/local/rvm/gems/ruby-2.5.1@helpesk/bin/rake:23
  [1m[35m (1.0ms)[0m  [1m[34mSELECT `schema_migrations`.`version` FROM `schema_migrations` ORDER BY `schema_migrations`.`version` ASC[0m
  ↳ /usr/local/rvm/gems/ruby-2.5.1@helpesk/bin/rake:23
  [1m[35m (1.1ms)[0m  [1m[35mSET  @@SESSION.sql_mode = CONCAT(CONCAT(@@sql_mode, ',STRICT_ALL_TABLES'), ',NO_AUTO_VALUE_ON_ZERO'),  @@SESSION.sql_auto_is_null = 0, @@SESSION.wait_timeout = 2147483[0m
  ↳ /usr/local/rvm/gems/ruby-2.5.1@helpesk/bin/rake:23
  [1m[35m (0.6ms)[0m  [1m[34mSELECT GET_LOCK('4592534957534270880', 0)[0m
  ↳ /usr/local/rvm/gems/ruby-2.5.1@helpesk/bin/rake:23
  [1m[35m (0.5ms)[0m  [1m[34mSELECT `schema_migrations`.`version` FROM `schema_migrations` ORDER BY `schema_migrations`.`version` ASC[0m
  ↳ /usr/local/rvm/gems/ruby-2.5.1@helpesk/bin/rake:23
Migrating to CreateQuiz (20190818085545)
  [1m[35m (55.0ms)[0m  [1m[35mCREATE TABLE `quizes` (`id` bigint NOT NULL AUTO_INCREMENT PRIMARY KEY, `question_id` bigint, `created_at` datetime NOT NULL, `updated_at` datetime NOT NULL,  INDEX `index_quizes_on_question_id`  (`question_id`), CONSTRAINT `fk_rails_9c1dc8a0b4`
FOREIGN KEY (`question_id`)
  REFERENCES `questions` (`id`)
)[0m
  ↳ db/migrate/20190818085545_create_quiz.rb:3
  [1m[35m (0.5ms)[0m  [1m[35mBEGIN[0m
  ↳ /usr/local/rvm/gems/ruby-2.5.1@helpesk/bin/rake:23
  [1m[36mActiveRecord::SchemaMigration Create (1.6ms)[0m  [1m[32mINSERT INTO `schema_migrations` (`version`) VALUES ('20190818085545')[0m
  ↳ /usr/local/rvm/gems/ruby-2.5.1@helpesk/bin/rake:23
  [1m[35m (5.5ms)[0m  [1m[35mCOMMIT[0m
  ↳ /usr/local/rvm/gems/ruby-2.5.1@helpesk/bin/rake:23
  [1m[36mActiveRecord::InternalMetadata Load (1.3ms)[0m  [1m[34mSELECT  `ar_internal_metadata`.* FROM `ar_internal_metadata` WHERE `ar_internal_metadata`.`key` = 'environment' LIMIT 1[0m
  ↳ /usr/local/rvm/gems/ruby-2.5.1@helpesk/bin/rake:23
  [1m[35m (0.6ms)[0m  [1m[35mBEGIN[0m
  ↳ /usr/local/rvm/gems/ruby-2.5.1@helpesk/bin/rake:23
  [1m[35m (0.6ms)[0m  [1m[35mCOMMIT[0m
  ↳ /usr/local/rvm/gems/ruby-2.5.1@helpesk/bin/rake:23
  [1m[35m (0.7ms)[0m  [1m[34mSELECT RELEASE_LOCK('4592534957534270880')[0m
  ↳ /usr/local/rvm/gems/ruby-2.5.1@helpesk/bin/rake:23
  [1m[35m (0.7ms)[0m  [1m[34mSELECT `schema_migrations`.`version` FROM `schema_migrations` ORDER BY `schema_migrations`.`version` ASC[0m
  ↳ /usr/local/rvm/gems/ruby-2.5.1@helpesk/bin/rake:23
  [1m[35m (1.2ms)[0m  [1m[35mSET  @@SESSION.sql_mode = CONCAT(CONCAT(@@sql_mode, ',STRICT_ALL_TABLES'), ',NO_AUTO_VALUE_ON_ZERO'),  @@SESSION.sql_auto_is_null = 0, @@SESSION.wait_timeout = 2147483[0m
  ↳ /usr/local/rvm/gems/ruby-2.5.1@helpesk/bin/rake:23
  [1m[35m (0.5ms)[0m  [1m[34mSELECT GET_LOCK('4592534957534270880', 0)[0m
  ↳ /usr/local/rvm/gems/ruby-2.5.1@helpesk/bin/rake:23
  [1m[35m (0.7ms)[0m  [1m[34mSELECT `schema_migrations`.`version` FROM `schema_migrations` ORDER BY `schema_migrations`.`version` ASC[0m
  ↳ /usr/local/rvm/gems/ruby-2.5.1@helpesk/bin/rake:23
Migrating to CreateQuizzes (20190818085718)
  [1m[35m (118.0ms)[0m  [1m[35mCREATE TABLE `quizzes` (`id` bigint NOT NULL AUTO_INCREMENT PRIMARY KEY, `created_at` datetime NOT NULL, `updated_at` datetime NOT NULL)[0m
  ↳ db/migrate/20190818085718_create_quizzes.rb:3
  [1m[35m (0.5ms)[0m  [1m[35mBEGIN[0m
  ↳ /usr/local/rvm/gems/ruby-2.5.1@helpesk/bin/rake:23
  [1m[36mActiveRecord::SchemaMigration Create (1.4ms)[0m  [1m[32mINSERT INTO `schema_migrations` (`version`) VALUES ('20190818085718')[0m
  ↳ /usr/local/rvm/gems/ruby-2.5.1@helpesk/bin/rake:23
  [1m[35m (6.2ms)[0m  [1m[35mCOMMIT[0m
  ↳ /usr/local/rvm/gems/ruby-2.5.1@helpesk/bin/rake:23
Migrating to CreateAnswer (20190818091740)
  [1m[35m (0.7ms)[0m  [1m[34mSELECT RELEASE_LOCK('4592534957534270880')[0m
  ↳ /usr/local/rvm/gems/ruby-2.5.1@helpesk/bin/rake:23
  [1m[35m (1.1ms)[0m  [1m[35mSET  @@SESSION.sql_mode = CONCAT(CONCAT(@@sql_mode, ',STRICT_ALL_TABLES'), ',NO_AUTO_VALUE_ON_ZERO'),  @@SESSION.sql_auto_is_null = 0, @@SESSION.wait_timeout = 2147483[0m
  ↳ /usr/local/rvm/gems/ruby-2.5.1@helpesk/bin/rake:23
  [1m[35m (0.5ms)[0m  [1m[34mSELECT GET_LOCK('4592534957534270880', 0)[0m
  ↳ /usr/local/rvm/gems/ruby-2.5.1@helpesk/bin/rake:23
  [1m[35m (0.8ms)[0m  [1m[34mSELECT `schema_migrations`.`version` FROM `schema_migrations` ORDER BY `schema_migrations`.`version` ASC[0m
  ↳ /usr/local/rvm/gems/ruby-2.5.1@helpesk/bin/rake:23
Migrating to CreateAnswer (20190818091740)
  [1m[35m (0.9ms)[0m  [1m[34mSELECT RELEASE_LOCK('4592534957534270880')[0m
  ↳ /usr/local/rvm/gems/ruby-2.5.1@helpesk/bin/rake:23
  [1m[35m (1.1ms)[0m  [1m[35mSET  @@SESSION.sql_mode = CONCAT(CONCAT(@@sql_mode, ',STRICT_ALL_TABLES'), ',NO_AUTO_VALUE_ON_ZERO'),  @@SESSION.sql_auto_is_null = 0, @@SESSION.wait_timeout = 2147483[0m
  ↳ /usr/local/rvm/gems/ruby-2.5.1@helpesk/bin/rake:23
  [1m[35m (0.4ms)[0m  [1m[34mSELECT GET_LOCK('4592534957534270880', 0)[0m
  ↳ /usr/local/rvm/gems/ruby-2.5.1@helpesk/bin/rake:23
  [1m[35m (0.9ms)[0m  [1m[34mSELECT `schema_migrations`.`version` FROM `schema_migrations` ORDER BY `schema_migrations`.`version` ASC[0m
  ↳ /usr/local/rvm/gems/ruby-2.5.1@helpesk/bin/rake:23
Migrating to CreateAnswer (20190818091740)
  [1m[35m (69.1ms)[0m  [1m[35mCREATE TABLE `answers` (`id` bigint NOT NULL AUTO_INCREMENT PRIMARY KEY, `question_id` bigint, `answer_text` varchar(255), `created_at` datetime NOT NULL, `updated_at` datetime NOT NULL)[0m
  ↳ db/migrate/20190818091740_create_answer.rb:3
  [1m[35m (36.2ms)[0m  [1m[35mCREATE  INDEX `index_answers_on_question_id`  ON `answers` (`question_id`) [0m
  ↳ db/migrate/20190818091740_create_answer.rb:9
  [1m[35m (0.7ms)[0m  [1m[35mBEGIN[0m
  ↳ /usr/local/rvm/gems/ruby-2.5.1@helpesk/bin/rake:23
  [1m[36mActiveRecord::SchemaMigration Create (1.7ms)[0m  [1m[32mINSERT INTO `schema_migrations` (`version`) VALUES ('20190818091740')[0m
  ↳ /usr/local/rvm/gems/ruby-2.5.1@helpesk/bin/rake:23
  [1m[35m (5.7ms)[0m  [1m[35mCOMMIT[0m
  ↳ /usr/local/rvm/gems/ruby-2.5.1@helpesk/bin/rake:23
  [1m[36mActiveRecord::InternalMetadata Load (1.2ms)[0m  [1m[34mSELECT  `ar_internal_metadata`.* FROM `ar_internal_metadata` WHERE `ar_internal_metadata`.`key` = 'environment' LIMIT 1[0m
  ↳ /usr/local/rvm/gems/ruby-2.5.1@helpesk/bin/rake:23
  [1m[35m (0.6ms)[0m  [1m[35mBEGIN[0m
  ↳ /usr/local/rvm/gems/ruby-2.5.1@helpesk/bin/rake:23
  [1m[35m (0.5ms)[0m  [1m[35mCOMMIT[0m
  ↳ /usr/local/rvm/gems/ruby-2.5.1@helpesk/bin/rake:23
  [1m[35m (0.6ms)[0m  [1m[34mSELECT RELEASE_LOCK('4592534957534270880')[0m
  ↳ /usr/local/rvm/gems/ruby-2.5.1@helpesk/bin/rake:23
  [1m[35m (0.7ms)[0m  [1m[34mSELECT `schema_migrations`.`version` FROM `schema_migrations` ORDER BY `schema_migrations`.`version` ASC[0m
  ↳ /usr/local/rvm/gems/ruby-2.5.1@helpesk/bin/rake:23
  [1m[35m (1.0ms)[0m  [1m[35mSET  @@SESSION.sql_mode = CONCAT(CONCAT(@@sql_mode, ',STRICT_ALL_TABLES'), ',NO_AUTO_VALUE_ON_ZERO'),  @@SESSION.sql_auto_is_null = 0, @@SESSION.wait_timeout = 2147483[0m
  ↳ /usr/local/rvm/gems/ruby-2.5.1@helpesk/bin/rake:23
  [1m[35m (0.5ms)[0m  [1m[34mSELECT GET_LOCK('4592534957534270880', 0)[0m
  ↳ /usr/local/rvm/gems/ruby-2.5.1@helpesk/bin/rake:23
  [1m[35m (0.8ms)[0m  [1m[34mSELECT `schema_migrations`.`version` FROM `schema_migrations` ORDER BY `schema_migrations`.`version` ASC[0m
  ↳ /usr/local/rvm/gems/ruby-2.5.1@helpesk/bin/rake:23
Migrating to CreatePerson (20190818092452)
  [1m[35m (79.8ms)[0m  [1m[35mCREATE TABLE `people` (`id` bigint NOT NULL AUTO_INCREMENT PRIMARY KEY, `name` varchar(255), `email` varchar(255), `created_at` datetime NOT NULL, `updated_at` datetime NOT NULL)[0m
  ↳ db/migrate/20190818092452_create_person.rb:3
  [1m[35m (1.2ms)[0m  [1m[35mBEGIN[0m
  ↳ /usr/local/rvm/gems/ruby-2.5.1@helpesk/bin/rake:23
  [1m[36mActiveRecord::SchemaMigration Create (2.3ms)[0m  [1m[32mINSERT INTO `schema_migrations` (`version`) VALUES ('20190818092452')[0m
  ↳ /usr/local/rvm/gems/ruby-2.5.1@helpesk/bin/rake:23
  [1m[35m (9.4ms)[0m  [1m[35mCOMMIT[0m
  ↳ /usr/local/rvm/gems/ruby-2.5.1@helpesk/bin/rake:23
  [1m[36mActiveRecord::InternalMetadata Load (1.5ms)[0m  [1m[34mSELECT  `ar_internal_metadata`.* FROM `ar_internal_metadata` WHERE `ar_internal_metadata`.`key` = 'environment' LIMIT 1[0m
  ↳ /usr/local/rvm/gems/ruby-2.5.1@helpesk/bin/rake:23
  [1m[35m (0.9ms)[0m  [1m[35mBEGIN[0m
  ↳ /usr/local/rvm/gems/ruby-2.5.1@helpesk/bin/rake:23
  [1m[35m (3.6ms)[0m  [1m[35mCOMMIT[0m
  ↳ /usr/local/rvm/gems/ruby-2.5.1@helpesk/bin/rake:23
  [1m[35m (1.0ms)[0m  [1m[34mSELECT RELEASE_LOCK('4592534957534270880')[0m
  ↳ /usr/local/rvm/gems/ruby-2.5.1@helpesk/bin/rake:23
  [1m[35m (1.0ms)[0m  [1m[34mSELECT `schema_migrations`.`version` FROM `schema_migrations` ORDER BY `schema_migrations`.`version` ASC[0m
  ↳ /usr/local/rvm/gems/ruby-2.5.1@helpesk/bin/rake:23
  [1m[35m (1.2ms)[0m  [1m[35mSET  @@SESSION.sql_mode = CONCAT(CONCAT(@@sql_mode, ',STRICT_ALL_TABLES'), ',NO_AUTO_VALUE_ON_ZERO'),  @@SESSION.sql_auto_is_null = 0, @@SESSION.wait_timeout = 2147483[0m
  ↳ /usr/local/rvm/gems/ruby-2.5.1@helpesk/bin/rake:23
  [1m[35m (0.3ms)[0m  [1m[34mSELECT GET_LOCK('4592534957534270880', 0)[0m
  ↳ /usr/local/rvm/gems/ruby-2.5.1@helpesk/bin/rake:23
  [1m[35m (0.8ms)[0m  [1m[34mSELECT `schema_migrations`.`version` FROM `schema_migrations` ORDER BY `schema_migrations`.`version` ASC[0m
  ↳ /usr/local/rvm/gems/ruby-2.5.1@helpesk/bin/rake:23
Migrating to CreateQuizPerson (20190818093018)
  [1m[35m (3.9ms)[0m  [1m[35mCREATE TABLE `quiz_people` (`id` bigint NOT NULL AUTO_INCREMENT PRIMARY KEY, `quiz_id` bigint, `person_id` bigint,  INDEX `index_quiz_people_on_quiz_id`  (`quiz_id`),  INDEX `index_quiz_people_on_person_id`  (`person_id`), CONSTRAINT `fk_rails_f61c35458c`
FOREIGN KEY (`quiz_id`)
  REFERENCES `quizzes` (`id`)
, CONSTRAINT `fk_rails_a6769b0297`
FOREIGN KEY (`person_id`)
  REFERENCES `people` (`id`)
)[0m
  ↳ db/migrate/20190818093018_create_quiz_person.rb:3
  [1m[35m (0.6ms)[0m  [1m[34mSELECT RELEASE_LOCK('4592534957534270880')[0m
  ↳ /usr/local/rvm/gems/ruby-2.5.1@helpesk/bin/rake:23
  [1m[35m (1.6ms)[0m  [1m[35mSET  @@SESSION.sql_mode = CONCAT(CONCAT(@@sql_mode, ',STRICT_ALL_TABLES'), ',NO_AUTO_VALUE_ON_ZERO'),  @@SESSION.sql_auto_is_null = 0, @@SESSION.wait_timeout = 2147483[0m
  ↳ /usr/local/rvm/gems/ruby-2.5.1@helpesk/bin/rake:23
  [1m[35m (0.5ms)[0m  [1m[34mSELECT GET_LOCK('4592534957534270880', 0)[0m
  ↳ /usr/local/rvm/gems/ruby-2.5.1@helpesk/bin/rake:23
  [1m[35m (0.8ms)[0m  [1m[34mSELECT `schema_migrations`.`version` FROM `schema_migrations` ORDER BY `schema_migrations`.`version` ASC[0m
  ↳ /usr/local/rvm/gems/ruby-2.5.1@helpesk/bin/rake:23
Migrating to CreateQuizPerson (20190818093018)
  [1m[35m (2.0ms)[0m  [1m[35mCREATE TABLE `quiz_people` (`id` bigint NOT NULL AUTO_INCREMENT PRIMARY KEY, `quiz_id` bigint, `person_id` bigint,  INDEX `index_quiz_people_on_quiz_id`  (`quiz_id`),  INDEX `index_quiz_people_on_person_id`  (`person_id`), CONSTRAINT `fk_rails_f61c35458c`
FOREIGN KEY (`quiz_id`)
  REFERENCES `quizzes` (`id`)
, CONSTRAINT `fk_rails_a6769b0297`
FOREIGN KEY (`person_id`)
  REFERENCES `people` (`id`)
)[0m
  ↳ db/migrate/20190818093018_create_quiz_person.rb:3
  [1m[35m (0.6ms)[0m  [1m[34mSELECT RELEASE_LOCK('4592534957534270880')[0m
  ↳ /usr/local/rvm/gems/ruby-2.5.1@helpesk/bin/rake:23
  [1m[35m (1.0ms)[0m  [1m[35mSET  @@SESSION.sql_mode = CONCAT(CONCAT(@@sql_mode, ',STRICT_ALL_TABLES'), ',NO_AUTO_VALUE_ON_ZERO'),  @@SESSION.sql_auto_is_null = 0, @@SESSION.wait_timeout = 2147483[0m
  ↳ /usr/local/rvm/gems/ruby-2.5.1@helpesk/bin/rake:23
  [1m[35m (0.6ms)[0m  [1m[34mSELECT GET_LOCK('4592534957534270880', 0)[0m
  ↳ /usr/local/rvm/gems/ruby-2.5.1@helpesk/bin/rake:23
  [1m[35m (1.0ms)[0m  [1m[34mSELECT `schema_migrations`.`version` FROM `schema_migrations` ORDER BY `schema_migrations`.`version` ASC[0m
  ↳ /usr/local/rvm/gems/ruby-2.5.1@helpesk/bin/rake:23
Migrating to CreateQuizPerson (20190818093018)
  [1m[35m (2.7ms)[0m  [1m[35mCREATE TABLE `quiz_people` (`id` bigint NOT NULL AUTO_INCREMENT PRIMARY KEY, `quiz_id` bigint, `person_id` bigint,  INDEX `index_quiz_people_on_quiz_id`  (`quiz_id`),  INDEX `index_quiz_people_on_person_id`  (`person_id`), CONSTRAINT `fk_rails_f61c35458c`
FOREIGN KEY (`quiz_id`)
  REFERENCES `quizzes` (`id`)
, CONSTRAINT `fk_rails_a6769b0297`
FOREIGN KEY (`person_id`)
  REFERENCES `people` (`id`)
)[0m
  ↳ db/migrate/20190818093018_create_quiz_person.rb:3
  [1m[35m (0.8ms)[0m  [1m[34mSELECT RELEASE_LOCK('4592534957534270880')[0m
  ↳ /usr/local/rvm/gems/ruby-2.5.1@helpesk/bin/rake:23
  [1m[35m (1.0ms)[0m  [1m[35mSET  @@SESSION.sql_mode = CONCAT(CONCAT(@@sql_mode, ',STRICT_ALL_TABLES'), ',NO_AUTO_VALUE_ON_ZERO'),  @@SESSION.sql_auto_is_null = 0, @@SESSION.wait_timeout = 2147483[0m
  ↳ /usr/local/rvm/gems/ruby-2.5.1@helpesk/bin/rake:23
  [1m[35m (0.6ms)[0m  [1m[34mSELECT GET_LOCK('4592534957534270880', 0)[0m
  ↳ /usr/local/rvm/gems/ruby-2.5.1@helpesk/bin/rake:23
  [1m[35m (1.0ms)[0m  [1m[34mSELECT `schema_migrations`.`version` FROM `schema_migrations` ORDER BY `schema_migrations`.`version` ASC[0m
  ↳ /usr/local/rvm/gems/ruby-2.5.1@helpesk/bin/rake:23
Migrating to CreateQuizPerson (20190818093018)
  [1m[35m (2.5ms)[0m  [1m[35mCREATE TABLE `quiz_people` (`id` bigint NOT NULL AUTO_INCREMENT PRIMARY KEY, `quiz_id` bigint, `person_id` bigint,  INDEX `index_quiz_people_on_quiz_id`  (`quiz_id`),  INDEX `index_quiz_people_on_person_id`  (`person_id`), CONSTRAINT `fk_rails_f61c35458c`
FOREIGN KEY (`quiz_id`)
  REFERENCES `quizzes` (`id`)
, CONSTRAINT `fk_rails_a6769b0297`
FOREIGN KEY (`person_id`)
  REFERENCES `people` (`id`)
)[0m
  ↳ db/migrate/20190818093018_create_quiz_person.rb:3
  [1m[35m (0.7ms)[0m  [1m[34mSELECT RELEASE_LOCK('4592534957534270880')[0m
  ↳ /usr/local/rvm/gems/ruby-2.5.1@helpesk/bin/rake:23
  [1m[35m (1.2ms)[0m  [1m[35mSET  @@SESSION.sql_mode = CONCAT(CONCAT(@@sql_mode, ',STRICT_ALL_TABLES'), ',NO_AUTO_VALUE_ON_ZERO'),  @@SESSION.sql_auto_is_null = 0, @@SESSION.wait_timeout = 2147483[0m
  ↳ /usr/local/rvm/gems/ruby-2.5.1@helpesk/bin/rake:23
  [1m[35m (0.6ms)[0m  [1m[34mSELECT GET_LOCK('4592534957534270880', 0)[0m
  ↳ /usr/local/rvm/gems/ruby-2.5.1@helpesk/bin/rake:23
  [1m[35m (0.9ms)[0m  [1m[34mSELECT `schema_migrations`.`version` FROM `schema_migrations` ORDER BY `schema_migrations`.`version` ASC[0m
  ↳ /usr/local/rvm/gems/ruby-2.5.1@helpesk/bin/rake:23
Migrating to CreateQuizPerson (20190818093018)
  [1m[35m (4.2ms)[0m  [1m[35mCREATE TABLE `quiz_people` (`id` bigint NOT NULL AUTO_INCREMENT PRIMARY KEY, `quiz_id` bigint, `person_id` bigint,  INDEX `index_quiz_people_on_quiz_id`  (`quiz_id`),  INDEX `index_quiz_people_on_person_id`  (`person_id`), CONSTRAINT `fk_rails_f61c35458c`
FOREIGN KEY (`quiz_id`)
  REFERENCES `quizzes` (`id`)
, CONSTRAINT `fk_rails_a6769b0297`
FOREIGN KEY (`person_id`)
  REFERENCES `people` (`id`)
)[0m
  ↳ db/migrate/20190818093018_create_quiz_person.rb:3
  [1m[35m (0.8ms)[0m  [1m[34mSELECT RELEASE_LOCK('4592534957534270880')[0m
  ↳ /usr/local/rvm/gems/ruby-2.5.1@helpesk/bin/rake:23
  [1m[35m (0.9ms)[0m  [1m[35mSET  @@SESSION.sql_mode = CONCAT(CONCAT(@@sql_mode, ',STRICT_ALL_TABLES'), ',NO_AUTO_VALUE_ON_ZERO'),  @@SESSION.sql_auto_is_null = 0, @@SESSION.wait_timeout = 2147483[0m
  ↳ /usr/local/rvm/gems/ruby-2.5.1@helpesk/bin/rake:23
  [1m[35m (0.5ms)[0m  [1m[34mSELECT GET_LOCK('4592534957534270880', 0)[0m
  ↳ /usr/local/rvm/gems/ruby-2.5.1@helpesk/bin/rake:23
  [1m[35m (0.6ms)[0m  [1m[34mSELECT `schema_migrations`.`version` FROM `schema_migrations` ORDER BY `schema_migrations`.`version` ASC[0m
  ↳ /usr/local/rvm/gems/ruby-2.5.1@helpesk/bin/rake:23
Migrating to AddQuestionTextToQuestion (20190818093141)
  [1m[35m (56.0ms)[0m  [1m[35mALTER TABLE `questions` ADD `question_text` varchar(255)[0m
  ↳ db/migrate/20190818093141_add_question_text_to_question.rb:3
  [1m[35m (0.5ms)[0m  [1m[35mBEGIN[0m
  ↳ /usr/local/rvm/gems/ruby-2.5.1@helpesk/bin/rake:23
  [1m[36mActiveRecord::SchemaMigration Create (1.5ms)[0m  [1m[32mINSERT INTO `schema_migrations` (`version`) VALUES ('20190818093141')[0m
  ↳ /usr/local/rvm/gems/ruby-2.5.1@helpesk/bin/rake:23
  [1m[35m (7.5ms)[0m  [1m[35mCOMMIT[0m
  ↳ /usr/local/rvm/gems/ruby-2.5.1@helpesk/bin/rake:23
  [1m[36mActiveRecord::InternalMetadata Load (1.1ms)[0m  [1m[34mSELECT  `ar_internal_metadata`.* FROM `ar_internal_metadata` WHERE `ar_internal_metadata`.`key` = 'environment' LIMIT 1[0m
  ↳ /usr/local/rvm/gems/ruby-2.5.1@helpesk/bin/rake:23
  [1m[35m (0.7ms)[0m  [1m[35mBEGIN[0m
  ↳ /usr/local/rvm/gems/ruby-2.5.1@helpesk/bin/rake:23
  [1m[35m (0.8ms)[0m  [1m[35mCOMMIT[0m
  ↳ /usr/local/rvm/gems/ruby-2.5.1@helpesk/bin/rake:23
  [1m[35m (0.8ms)[0m  [1m[34mSELECT RELEASE_LOCK('4592534957534270880')[0m
  ↳ /usr/local/rvm/gems/ruby-2.5.1@helpesk/bin/rake:23
  [1m[35m (0.9ms)[0m  [1m[34mSELECT `schema_migrations`.`version` FROM `schema_migrations` ORDER BY `schema_migrations`.`version` ASC[0m
  ↳ /usr/local/rvm/gems/ruby-2.5.1@helpesk/bin/rake:23
  [1m[35m (1.0ms)[0m  [1m[35mSET  @@SESSION.sql_mode = CONCAT(CONCAT(@@sql_mode, ',STRICT_ALL_TABLES'), ',NO_AUTO_VALUE_ON_ZERO'),  @@SESSION.sql_auto_is_null = 0, @@SESSION.wait_timeout = 2147483[0m
  ↳ /usr/local/rvm/gems/ruby-2.5.1@helpesk/bin/rake:23
  [1m[35m (0.5ms)[0m  [1m[34mSELECT GET_LOCK('4592534957534270880', 0)[0m
  ↳ /usr/local/rvm/gems/ruby-2.5.1@helpesk/bin/rake:23
  [1m[35m (0.7ms)[0m  [1m[34mSELECT `schema_migrations`.`version` FROM `schema_migrations` ORDER BY `schema_migrations`.`version` ASC[0m
  ↳ /usr/local/rvm/gems/ruby-2.5.1@helpesk/bin/rake:23
Migrating to CreateQuizPerson (20190818094029)
  [1m[35m (2.2ms)[0m  [1m[35mCREATE TABLE `quiz_people` (`id` bigint NOT NULL AUTO_INCREMENT PRIMARY KEY, `quiz_id` bigint, `person_id` bigint, `created_at` datetime NOT NULL, `updated_at` datetime NOT NULL,  INDEX `index_quiz_people_on_quiz_id`  (`quiz_id`),  INDEX `index_quiz_people_on_person_id`  (`person_id`), CONSTRAINT `fk_rails_f61c35458c`
FOREIGN KEY (`quiz_id`)
  REFERENCES `quizzes` (`id`)
, CONSTRAINT `fk_rails_a6769b0297`
FOREIGN KEY (`person_id`)
  REFERENCES `people` (`id`)
)[0m
  ↳ db/migrate/20190818094029_create_quiz_person.rb:3
  [1m[35m (0.6ms)[0m  [1m[34mSELECT RELEASE_LOCK('4592534957534270880')[0m
  ↳ /usr/local/rvm/gems/ruby-2.5.1@helpesk/bin/rake:23
  [1m[35m (0.9ms)[0m  [1m[35mSET  @@SESSION.sql_mode = CONCAT(CONCAT(@@sql_mode, ',STRICT_ALL_TABLES'), ',NO_AUTO_VALUE_ON_ZERO'),  @@SESSION.sql_auto_is_null = 0, @@SESSION.wait_timeout = 2147483[0m
  ↳ /usr/local/rvm/gems/ruby-2.5.1@helpesk/bin/rake:23
  [1m[35m (0.6ms)[0m  [1m[34mSELECT GET_LOCK('4592534957534270880', 0)[0m
  ↳ /usr/local/rvm/gems/ruby-2.5.1@helpesk/bin/rake:23
  [1m[35m (0.7ms)[0m  [1m[34mSELECT `schema_migrations`.`version` FROM `schema_migrations` ORDER BY `schema_migrations`.`version` ASC[0m
  ↳ /usr/local/rvm/gems/ruby-2.5.1@helpesk/bin/rake:23
Migrating to CreateQuizPerson (20190818094029)
  [1m[35m (2.4ms)[0m  [1m[35mCREATE TABLE `quiz_people` (`id` bigint NOT NULL AUTO_INCREMENT PRIMARY KEY, `quizz_id` bigint, `person_id` bigint, `created_at` datetime NOT NULL, `updated_at` datetime NOT NULL,  INDEX `index_quiz_people_on_quizz_id`  (`quizz_id`),  INDEX `index_quiz_people_on_person_id`  (`person_id`), CONSTRAINT `fk_rails_df5c252bf4`
FOREIGN KEY (`quizz_id`)
  REFERENCES `quizzs` (`id`)
, CONSTRAINT `fk_rails_a6769b0297`
FOREIGN KEY (`person_id`)
  REFERENCES `people` (`id`)
)[0m
  ↳ db/migrate/20190818094029_create_quiz_person.rb:3
  [1m[35m (0.7ms)[0m  [1m[34mSELECT RELEASE_LOCK('4592534957534270880')[0m
  ↳ /usr/local/rvm/gems/ruby-2.5.1@helpesk/bin/rake:23
  [1m[35m (0.9ms)[0m  [1m[35mSET  @@SESSION.sql_mode = CONCAT(CONCAT(@@sql_mode, ',STRICT_ALL_TABLES'), ',NO_AUTO_VALUE_ON_ZERO'),  @@SESSION.sql_auto_is_null = 0, @@SESSION.wait_timeout = 2147483[0m
  ↳ /usr/local/rvm/gems/ruby-2.5.1@helpesk/bin/rake:23
  [1m[35m (0.6ms)[0m  [1m[34mSELECT GET_LOCK('4592534957534270880', 0)[0m
  ↳ /usr/local/rvm/gems/ruby-2.5.1@helpesk/bin/rake:23
  [1m[35m (0.7ms)[0m  [1m[34mSELECT `schema_migrations`.`version` FROM `schema_migrations` ORDER BY `schema_migrations`.`version` ASC[0m
  ↳ /usr/local/rvm/gems/ruby-2.5.1@helpesk/bin/rake:23
Migrating to CreateQuizPerson (20190818094029)
  [1m[35m (2.4ms)[0m  [1m[35mCREATE TABLE `quiz_people` (`id` bigint NOT NULL AUTO_INCREMENT PRIMARY KEY, `quiz_id` bigint, `person_id` bigint, `created_at` datetime NOT NULL, `updated_at` datetime NOT NULL,  INDEX `index_quiz_people_on_quiz_id`  (`quiz_id`),  INDEX `index_quiz_people_on_person_id`  (`person_id`), CONSTRAINT `fk_rails_f61c35458c`
FOREIGN KEY (`quiz_id`)
  REFERENCES `quizzes` (`id`)
, CONSTRAINT `fk_rails_a6769b0297`
FOREIGN KEY (`person_id`)
  REFERENCES `people` (`id`)
)[0m
  ↳ db/migrate/20190818094029_create_quiz_person.rb:3
  [1m[35m (0.8ms)[0m  [1m[34mSELECT RELEASE_LOCK('4592534957534270880')[0m
  ↳ /usr/local/rvm/gems/ruby-2.5.1@helpesk/bin/rake:23
  [1m[35m (0.6ms)[0m  [1m[35mSET  @@SESSION.sql_mode = CONCAT(CONCAT(@@sql_mode, ',STRICT_ALL_TABLES'), ',NO_AUTO_VALUE_ON_ZERO'),  @@SESSION.sql_auto_is_null = 0, @@SESSION.wait_timeout = 2147483[0m
  ↳ /usr/local/rvm/gems/ruby-2.5.1@helpesk/bin/rake:23
  [1m[35m (0.3ms)[0m  [1m[34mSELECT GET_LOCK('4592534957534270880', 0)[0m
  ↳ /usr/local/rvm/gems/ruby-2.5.1@helpesk/bin/rake:23
  [1m[35m (1.0ms)[0m  [1m[34mSELECT `schema_migrations`.`version` FROM `schema_migrations` ORDER BY `schema_migrations`.`version` ASC[0m
  ↳ /usr/local/rvm/gems/ruby-2.5.1@helpesk/bin/rake:23
Migrating to CreateQuizPerson (20190818094029)
  [1m[35m (3.2ms)[0m  [1m[35mCREATE TABLE `quizz_people` (`id` bigint NOT NULL AUTO_INCREMENT PRIMARY KEY, `quiz_id` bigint, `person_id` bigint, `created_at` datetime NOT NULL, `updated_at` datetime NOT NULL,  INDEX `index_quizz_people_on_quiz_id`  (`quiz_id`),  INDEX `index_quizz_people_on_person_id`  (`person_id`), CONSTRAINT `fk_rails_484f0178da`
FOREIGN KEY (`quiz_id`)
  REFERENCES `quizzes` (`id`)
, CONSTRAINT `fk_rails_75ce3db424`
FOREIGN KEY (`person_id`)
  REFERENCES `people` (`id`)
)[0m
  ↳ db/migrate/20190818094029_create_quiz_person.rb:3
  [1m[35m (0.6ms)[0m  [1m[34mSELECT RELEASE_LOCK('4592534957534270880')[0m
  ↳ /usr/local/rvm/gems/ruby-2.5.1@helpesk/bin/rake:23
  [1m[35m (1.0ms)[0m  [1m[35mSET  @@SESSION.sql_mode = CONCAT(CONCAT(@@sql_mode, ',STRICT_ALL_TABLES'), ',NO_AUTO_VALUE_ON_ZERO'),  @@SESSION.sql_auto_is_null = 0, @@SESSION.wait_timeout = 2147483[0m
  ↳ /usr/local/rvm/gems/ruby-2.5.1@helpesk/bin/rake:23
  [1m[35m (0.6ms)[0m  [1m[34mSELECT GET_LOCK('4592534957534270880', 0)[0m
  ↳ /usr/local/rvm/gems/ruby-2.5.1@helpesk/bin/rake:23
  [1m[35m (0.8ms)[0m  [1m[34mSELECT `schema_migrations`.`version` FROM `schema_migrations` ORDER BY `schema_migrations`.`version` ASC[0m
  ↳ /usr/local/rvm/gems/ruby-2.5.1@helpesk/bin/rake:23
Migrating to CreateQuizzPerson (20190818094029)
  [1m[35m (0.7ms)[0m  [1m[34mSELECT RELEASE_LOCK('4592534957534270880')[0m
  ↳ /usr/local/rvm/gems/ruby-2.5.1@helpesk/bin/rake:23
Started GET "/" for 127.0.0.1 at 2019-08-18 10:45:01 +0100
  [1m[35m (2.4ms)[0m  [1m[35mSET  @@SESSION.sql_mode = CONCAT(CONCAT(@@sql_mode, ',STRICT_ALL_TABLES'), ',NO_AUTO_VALUE_ON_ZERO'),  @@SESSION.sql_auto_is_null = 0, @@SESSION.wait_timeout = 2147483[0m
  ↳ /usr/local/rvm/gems/ruby-2.5.1@helpesk/gems/activerecord-5.2.3/lib/active_record/log_subscriber.rb:98
  [1m[35m (0.6ms)[0m  [1m[34mSELECT `schema_migrations`.`version` FROM `schema_migrations` ORDER BY `schema_migrations`.`version` ASC[0m
  ↳ /usr/local/rvm/gems/ruby-2.5.1@helpesk/gems/activerecord-5.2.3/lib/active_record/log_subscriber.rb:98
  
ActiveRecord::PendingMigrationError (

Migrations are pending. To resolve this issue, run:

        bin/rails db:migrate RAILS_ENV=development

):
  
activerecord (5.2.3) lib/active_record/migration.rb:579:in `check_pending!'
activerecord (5.2.3) lib/active_record/migration.rb:556:in `call'
actionpack (5.2.3) lib/action_dispatch/middleware/callbacks.rb:28:in `block in call'
activesupport (5.2.3) lib/active_support/callbacks.rb:98:in `run_callbacks'
actionpack (5.2.3) lib/action_dispatch/middleware/callbacks.rb:26:in `call'
actionpack (5.2.3) lib/action_dispatch/middleware/executor.rb:14:in `call'
actionpack (5.2.3) lib/action_dispatch/middleware/debug_exceptions.rb:61:in `call'
web-console (3.7.0) lib/web_console/middleware.rb:135:in `call_app'
web-console (3.7.0) lib/web_console/middleware.rb:30:in `block in call'
web-console (3.7.0) lib/web_console/middleware.rb:20:in `catch'
web-console (3.7.0) lib/web_console/middleware.rb:20:in `call'
actionpack (5.2.3) lib/action_dispatch/middleware/show_exceptions.rb:33:in `call'
railties (5.2.3) lib/rails/rack/logger.rb:38:in `call_app'
railties (5.2.3) lib/rails/rack/logger.rb:26:in `block in call'
activesupport (5.2.3) lib/active_support/tagged_logging.rb:71:in `block in tagged'
activesupport (5.2.3) lib/active_support/tagged_logging.rb:28:in `tagged'
activesupport (5.2.3) lib/active_support/tagged_logging.rb:71:in `tagged'
railties (5.2.3) lib/rails/rack/logger.rb:26:in `call'
sprockets-rails (3.2.1) lib/sprockets/rails/quiet_assets.rb:13:in `call'
actionpack (5.2.3) lib/action_dispatch/middleware/remote_ip.rb:81:in `call'
actionpack (5.2.3) lib/action_dispatch/middleware/request_id.rb:27:in `call'
rack (2.0.7) lib/rack/method_override.rb:22:in `call'
rack (2.0.7) lib/rack/runtime.rb:22:in `call'
activesupport (5.2.3) lib/active_support/cache/strategy/local_cache_middleware.rb:29:in `call'
actionpack (5.2.3) lib/action_dispatch/middleware/executor.rb:14:in `call'
actionpack (5.2.3) lib/action_dispatch/middleware/static.rb:127:in `call'
rack (2.0.7) lib/rack/sendfile.rb:111:in `call'
railties (5.2.3) lib/rails/engine.rb:524:in `call'
puma (3.12.1) lib/puma/configuration.rb:227:in `call'
puma (3.12.1) lib/puma/server.rb:660:in `handle_request'
puma (3.12.1) lib/puma/server.rb:474:in `process_client'
puma (3.12.1) lib/puma/server.rb:334:in `block in run'
puma (3.12.1) lib/puma/thread_pool.rb:135:in `block in spawn_thread'
  [1m[35m (1.0ms)[0m  [1m[35mSET  @@SESSION.sql_mode = CONCAT(CONCAT(@@sql_mode, ',STRICT_ALL_TABLES'), ',NO_AUTO_VALUE_ON_ZERO'),  @@SESSION.sql_auto_is_null = 0, @@SESSION.wait_timeout = 2147483[0m
  ↳ /usr/local/rvm/gems/ruby-2.5.1@helpesk/bin/rake:23
  [1m[35m (0.5ms)[0m  [1m[34mSELECT GET_LOCK('4592534957534270880', 0)[0m
  ↳ /usr/local/rvm/gems/ruby-2.5.1@helpesk/bin/rake:23
  [1m[35m (0.7ms)[0m  [1m[34mSELECT `schema_migrations`.`version` FROM `schema_migrations` ORDER BY `schema_migrations`.`version` ASC[0m
  ↳ /usr/local/rvm/gems/ruby-2.5.1@helpesk/bin/rake:23
Migrating to CreateQuizPerson (20190818094029)
  [1m[35m (2.4ms)[0m  [1m[35mCREATE TABLE `quiz_people` (`id` bigint NOT NULL AUTO_INCREMENT PRIMARY KEY, `quiz_id` bigint, `person_id` bigint, `created_at` datetime NOT NULL, `updated_at` datetime NOT NULL,  INDEX `index_quiz_people_on_quiz_id`  (`quiz_id`),  INDEX `index_quiz_people_on_person_id`  (`person_id`), CONSTRAINT `fk_rails_f61c35458c`
FOREIGN KEY (`quiz_id`)
  REFERENCES `quizzes` (`id`)
, CONSTRAINT `fk_rails_a6769b0297`
FOREIGN KEY (`person_id`)
  REFERENCES `people` (`id`)
)[0m
  ↳ db/migrate/20190818094029_create_quiz_person.rb:3
  [1m[35m (0.6ms)[0m  [1m[34mSELECT RELEASE_LOCK('4592534957534270880')[0m
  ↳ /usr/local/rvm/gems/ruby-2.5.1@helpesk/bin/rake:23
  [1m[35m (1.0ms)[0m  [1m[35mSET  @@SESSION.sql_mode = CONCAT(CONCAT(@@sql_mode, ',STRICT_ALL_TABLES'), ',NO_AUTO_VALUE_ON_ZERO'),  @@SESSION.sql_auto_is_null = 0, @@SESSION.wait_timeout = 2147483[0m
  ↳ /usr/local/rvm/gems/ruby-2.5.1@helpesk/bin/rake:23
  [1m[35m (0.6ms)[0m  [1m[34mSELECT GET_LOCK('4592534957534270880', 0)[0m
  ↳ /usr/local/rvm/gems/ruby-2.5.1@helpesk/bin/rake:23
  [1m[35m (0.9ms)[0m  [1m[34mSELECT `schema_migrations`.`version` FROM `schema_migrations` ORDER BY `schema_migrations`.`version` ASC[0m
  ↳ /usr/local/rvm/gems/ruby-2.5.1@helpesk/bin/rake:23
Migrating to CreateQuizPerson (20190818094029)
  [1m[35m (3.2ms)[0m  [1m[35mCREATE TABLE `quiz_people` (`id` bigint NOT NULL AUTO_INCREMENT PRIMARY KEY, `quiz_id` bigint, `person_id` bigint, `created_at` datetime NOT NULL, `updated_at` datetime NOT NULL,  INDEX `index_quiz_people_on_quiz_id`  (`quiz_id`),  INDEX `index_quiz_people_on_person_id`  (`person_id`), CONSTRAINT `fk_rails_f61c35458c`
FOREIGN KEY (`quiz_id`)
  REFERENCES `quizzes` (`id`)
, CONSTRAINT `fk_rails_a6769b0297`
FOREIGN KEY (`person_id`)
  REFERENCES `people` (`id`)
)[0m
  ↳ db/migrate/20190818094029_create_quiz_person.rb:3
  [1m[35m (0.7ms)[0m  [1m[34mSELECT RELEASE_LOCK('4592534957534270880')[0m
  ↳ /usr/local/rvm/gems/ruby-2.5.1@helpesk/bin/rake:23
  [1m[35m (1.1ms)[0m  [1m[35mSET  @@SESSION.sql_mode = CONCAT(CONCAT(@@sql_mode, ',STRICT_ALL_TABLES'), ',NO_AUTO_VALUE_ON_ZERO'),  @@SESSION.sql_auto_is_null = 0, @@SESSION.wait_timeout = 2147483[0m
  ↳ /usr/local/rvm/gems/ruby-2.5.1@helpesk/bin/rake:23
  [1m[35m (0.6ms)[0m  [1m[34mSELECT GET_LOCK('4592534957534270880', 0)[0m
  ↳ /usr/local/rvm/gems/ruby-2.5.1@helpesk/bin/rake:23
  [1m[35m (0.7ms)[0m  [1m[34mSELECT `schema_migrations`.`version` FROM `schema_migrations` ORDER BY `schema_migrations`.`version` ASC[0m
  ↳ /usr/local/rvm/gems/ruby-2.5.1@helpesk/bin/rake:23
Migrating to CreateQuizPerson (20190818094029)
  [1m[35m (2.6ms)[0m  [1m[35mCREATE TABLE `quiz_people` (`id` bigint NOT NULL AUTO_INCREMENT PRIMARY KEY, `quiz_id` bigint, `person_id` bigint, `created_at` datetime NOT NULL, `updated_at` datetime NOT NULL,  INDEX `index_quiz_people_on_quiz_id`  (`quiz_id`),  INDEX `index_quiz_people_on_person_id`  (`person_id`), CONSTRAINT `fk_rails_f61c35458c`
FOREIGN KEY (`quiz_id`)
  REFERENCES `quizzes` (`id`)
, CONSTRAINT `fk_rails_a6769b0297`
FOREIGN KEY (`person_id`)
  REFERENCES `people` (`id`)
)[0m
  ↳ db/migrate/20190818094029_create_quiz_person.rb:3
  [1m[35m (0.8ms)[0m  [1m[34mSELECT RELEASE_LOCK('4592534957534270880')[0m
  ↳ /usr/local/rvm/gems/ruby-2.5.1@helpesk/bin/rake:23
  [1m[35m (0.6ms)[0m  [1m[35mSET  @@SESSION.sql_mode = CONCAT(CONCAT(@@sql_mode, ',STRICT_ALL_TABLES'), ',NO_AUTO_VALUE_ON_ZERO'),  @@SESSION.sql_auto_is_null = 0, @@SESSION.wait_timeout = 2147483[0m
  ↳ /usr/local/rvm/gems/ruby-2.5.1@helpesk/bin/rake:23
  [1m[35m (0.6ms)[0m  [1m[34mSELECT GET_LOCK('4592534957534270880', 0)[0m
  ↳ /usr/local/rvm/gems/ruby-2.5.1@helpesk/bin/rake:23
  [1m[35m (0.7ms)[0m  [1m[34mSELECT `schema_migrations`.`version` FROM `schema_migrations` ORDER BY `schema_migrations`.`version` ASC[0m
  ↳ /usr/local/rvm/gems/ruby-2.5.1@helpesk/bin/rake:23
Migrating to CreateQuizPerson (20190818094029)
  [1m[35m (2.5ms)[0m  [1m[35mCREATE TABLE `quiz_people` (`id` bigint NOT NULL AUTO_INCREMENT PRIMARY KEY, `quiz_id` bigint, `person_id` bigint, `created_at` datetime NOT NULL, `updated_at` datetime NOT NULL,  INDEX `index_quiz_people_on_quiz_id`  (`quiz_id`),  INDEX `index_quiz_people_on_person_id`  (`person_id`), CONSTRAINT `fk_rails_f61c35458c`
FOREIGN KEY (`quiz_id`)
  REFERENCES `quizzes` (`id`)
, CONSTRAINT `fk_rails_a6769b0297`
FOREIGN KEY (`person_id`)
  REFERENCES `people` (`id`)
)[0m
  ↳ db/migrate/20190818094029_create_quiz_person.rb:3
  [1m[35m (0.6ms)[0m  [1m[34mSELECT RELEASE_LOCK('4592534957534270880')[0m
  ↳ /usr/local/rvm/gems/ruby-2.5.1@helpesk/bin/rake:23
  [1m[35m (1.1ms)[0m  [1m[35mSET  @@SESSION.sql_mode = CONCAT(CONCAT(@@sql_mode, ',STRICT_ALL_TABLES'), ',NO_AUTO_VALUE_ON_ZERO'),  @@SESSION.sql_auto_is_null = 0, @@SESSION.wait_timeout = 2147483[0m
  ↳ /usr/local/rvm/gems/ruby-2.5.1@helpesk/bin/rake:23
  [1m[35m (0.7ms)[0m  [1m[34mSELECT GET_LOCK('4592534957534270880', 0)[0m
  ↳ /usr/local/rvm/gems/ruby-2.5.1@helpesk/bin/rake:23
  [1m[35m (0.7ms)[0m  [1m[34mSELECT `schema_migrations`.`version` FROM `schema_migrations` ORDER BY `schema_migrations`.`version` ASC[0m
  ↳ /usr/local/rvm/gems/ruby-2.5.1@helpesk/bin/rake:23
  [1m[36mActiveRecord::InternalMetadata Load (1.5ms)[0m  [1m[34mSELECT  `ar_internal_metadata`.* FROM `ar_internal_metadata` WHERE `ar_internal_metadata`.`key` = 'environment' LIMIT 1[0m
  ↳ /usr/local/rvm/gems/ruby-2.5.1@helpesk/bin/rake:23
  [1m[35m (0.6ms)[0m  [1m[35mBEGIN[0m
  ↳ /usr/local/rvm/gems/ruby-2.5.1@helpesk/bin/rake:23
  [1m[35m (0.6ms)[0m  [1m[35mCOMMIT[0m
  ↳ /usr/local/rvm/gems/ruby-2.5.1@helpesk/bin/rake:23
  [1m[35m (0.6ms)[0m  [1m[34mSELECT RELEASE_LOCK('4592534957534270880')[0m
  ↳ /usr/local/rvm/gems/ruby-2.5.1@helpesk/bin/rake:23
  [1m[35m (0.8ms)[0m  [1m[34mSELECT `schema_migrations`.`version` FROM `schema_migrations` ORDER BY `schema_migrations`.`version` ASC[0m
  ↳ /usr/local/rvm/gems/ruby-2.5.1@helpesk/bin/rake:23
Started GET "/" for 127.0.0.1 at 2019-08-18 10:47:06 +0100
  [1m[35m (1.0ms)[0m  [1m[35mSET  @@SESSION.sql_mode = CONCAT(CONCAT(@@sql_mode, ',STRICT_ALL_TABLES'), ',NO_AUTO_VALUE_ON_ZERO'),  @@SESSION.sql_auto_is_null = 0, @@SESSION.wait_timeout = 2147483[0m
  ↳ /usr/local/rvm/gems/ruby-2.5.1@helpesk/gems/activerecord-5.2.3/lib/active_record/log_subscriber.rb:98
  [1m[35m (0.7ms)[0m  [1m[34mSELECT `schema_migrations`.`version` FROM `schema_migrations` ORDER BY `schema_migrations`.`version` ASC[0m
  ↳ /usr/local/rvm/gems/ruby-2.5.1@helpesk/gems/activerecord-5.2.3/lib/active_record/log_subscriber.rb:98
Processing by Rails::WelcomeController#index as HTML
  Rendering /usr/local/rvm/gems/ruby-2.5.1@helpesk/gems/railties-5.2.3/lib/rails/templates/rails/welcome/index.html.erb
  Rendered /usr/local/rvm/gems/ruby-2.5.1@helpesk/gems/railties-5.2.3/lib/rails/templates/rails/welcome/index.html.erb (8.7ms)
Completed 200 OK in 32ms (Views: 18.5ms | ActiveRecord: 0.0ms)


Started GET "/" for 127.0.0.1 at 2019-08-18 10:49:58 +0100
  [1m[35m (1.0ms)[0m  [1m[35mSET  @@SESSION.sql_mode = CONCAT(CONCAT(@@sql_mode, ',STRICT_ALL_TABLES'), ',NO_AUTO_VALUE_ON_ZERO'),  @@SESSION.sql_auto_is_null = 0, @@SESSION.wait_timeout = 2147483[0m
  ↳ /usr/local/rvm/gems/ruby-2.5.1@helpesk/gems/activerecord-5.2.3/lib/active_record/log_subscriber.rb:98
  [1m[35m (0.9ms)[0m  [1m[34mSELECT `schema_migrations`.`version` FROM `schema_migrations` ORDER BY `schema_migrations`.`version` ASC[0m
  ↳ /usr/local/rvm/gems/ruby-2.5.1@helpesk/gems/activerecord-5.2.3/lib/active_record/log_subscriber.rb:98
  
ActionController::RoutingError (uninitialized constant HomeController):
  
bootsnap (1.4.4) lib/bootsnap/load_path_cache/core_ext/active_support.rb:79:in `block in load_missing_constant'
bootsnap (1.4.4) lib/bootsnap/load_path_cache/core_ext/active_support.rb:8:in `without_bootsnap_cache'
bootsnap (1.4.4) lib/bootsnap/load_path_cache/core_ext/active_support.rb:79:in `rescue in load_missing_constant'
bootsnap (1.4.4) lib/bootsnap/load_path_cache/core_ext/active_support.rb:58:in `load_missing_constant'
activesupport (5.2.3) lib/active_support/inflector/methods.rb:283:in `const_get'
activesupport (5.2.3) lib/active_support/inflector/methods.rb:283:in `block in constantize'
activesupport (5.2.3) lib/active_support/inflector/methods.rb:281:in `each'
activesupport (5.2.3) lib/active_support/inflector/methods.rb:281:in `inject'
activesupport (5.2.3) lib/active_support/inflector/methods.rb:281:in `constantize'
actionpack (5.2.3) lib/action_dispatch/http/request.rb:88:in `controller_class_for'
actionpack (5.2.3) lib/action_dispatch/http/request.rb:81:in `controller_class'
actionpack (5.2.3) lib/action_dispatch/routing/route_set.rb:46:in `controller'
actionpack (5.2.3) lib/action_dispatch/routing/route_set.rb:32:in `serve'
actionpack (5.2.3) lib/action_dispatch/journey/router.rb:52:in `block in serve'
actionpack (5.2.3) lib/action_dispatch/journey/router.rb:35:in `each'
actionpack (5.2.3) lib/action_dispatch/journey/router.rb:35:in `serve'
actionpack (5.2.3) lib/action_dispatch/routing/route_set.rb:840:in `call'
rack (2.0.7) lib/rack/tempfile_reaper.rb:15:in `call'
rack (2.0.7) lib/rack/etag.rb:25:in `call'
rack (2.0.7) lib/rack/conditional_get.rb:25:in `call'
rack (2.0.7) lib/rack/head.rb:12:in `call'
actionpack (5.2.3) lib/action_dispatch/http/content_security_policy.rb:18:in `call'
rack (2.0.7) lib/rack/session/abstract/id.rb:232:in `context'
rack (2.0.7) lib/rack/session/abstract/id.rb:226:in `call'
actionpack (5.2.3) lib/action_dispatch/middleware/cookies.rb:670:in `call'
activerecord (5.2.3) lib/active_record/migration.rb:559:in `call'
actionpack (5.2.3) lib/action_dispatch/middleware/callbacks.rb:28:in `block in call'
activesupport (5.2.3) lib/active_support/callbacks.rb:98:in `run_callbacks'
actionpack (5.2.3) lib/action_dispatch/middleware/callbacks.rb:26:in `call'
actionpack (5.2.3) lib/action_dispatch/middleware/executor.rb:14:in `call'
actionpack (5.2.3) lib/action_dispatch/middleware/debug_exceptions.rb:61:in `call'
web-console (3.7.0) lib/web_console/middleware.rb:135:in `call_app'
web-console (3.7.0) lib/web_console/middleware.rb:30:in `block in call'
web-console (3.7.0) lib/web_console/middleware.rb:20:in `catch'
web-console (3.7.0) lib/web_console/middleware.rb:20:in `call'
actionpack (5.2.3) lib/action_dispatch/middleware/show_exceptions.rb:33:in `call'
railties (5.2.3) lib/rails/rack/logger.rb:38:in `call_app'
railties (5.2.3) lib/rails/rack/logger.rb:26:in `block in call'
activesupport (5.2.3) lib/active_support/tagged_logging.rb:71:in `block in tagged'
activesupport (5.2.3) lib/active_support/tagged_logging.rb:28:in `tagged'
activesupport (5.2.3) lib/active_support/tagged_logging.rb:71:in `tagged'
railties (5.2.3) lib/rails/rack/logger.rb:26:in `call'
sprockets-rails (3.2.1) lib/sprockets/rails/quiet_assets.rb:13:in `call'
actionpack (5.2.3) lib/action_dispatch/middleware/remote_ip.rb:81:in `call'
actionpack (5.2.3) lib/action_dispatch/middleware/request_id.rb:27:in `call'
rack (2.0.7) lib/rack/method_override.rb:22:in `call'
rack (2.0.7) lib/rack/runtime.rb:22:in `call'
activesupport (5.2.3) lib/active_support/cache/strategy/local_cache_middleware.rb:29:in `call'
actionpack (5.2.3) lib/action_dispatch/middleware/executor.rb:14:in `call'
actionpack (5.2.3) lib/action_dispatch/middleware/static.rb:127:in `call'
rack (2.0.7) lib/rack/sendfile.rb:111:in `call'
railties (5.2.3) lib/rails/engine.rb:524:in `call'
puma (3.12.1) lib/puma/configuration.rb:227:in `call'
puma (3.12.1) lib/puma/server.rb:660:in `handle_request'
puma (3.12.1) lib/puma/server.rb:474:in `process_client'
puma (3.12.1) lib/puma/server.rb:334:in `block in run'
puma (3.12.1) lib/puma/thread_pool.rb:135:in `block in spawn_thread'
Started GET "/" for 127.0.0.1 at 2019-08-18 10:50:32 +0100
  [1m[35m (1.1ms)[0m  [1m[35mSET  @@SESSION.sql_mode = CONCAT(CONCAT(@@sql_mode, ',STRICT_ALL_TABLES'), ',NO_AUTO_VALUE_ON_ZERO'),  @@SESSION.sql_auto_is_null = 0, @@SESSION.wait_timeout = 2147483[0m
  ↳ /usr/local/rvm/gems/ruby-2.5.1@helpesk/gems/activerecord-5.2.3/lib/active_record/log_subscriber.rb:98
  [1m[35m (1.2ms)[0m  [1m[34mSELECT `schema_migrations`.`version` FROM `schema_migrations` ORDER BY `schema_migrations`.`version` ASC[0m
  ↳ /usr/local/rvm/gems/ruby-2.5.1@helpesk/gems/activerecord-5.2.3/lib/active_record/log_subscriber.rb:98
  
AbstractController::ActionNotFound (The action 'index' could not be found for HomeController):
  
actionpack (5.2.3) lib/abstract_controller/base.rb:129:in `process'
actionview (5.2.3) lib/action_view/rendering.rb:32:in `process'
actionpack (5.2.3) lib/action_controller/metal.rb:191:in `dispatch'
actionpack (5.2.3) lib/action_controller/metal.rb:252:in `dispatch'
actionpack (5.2.3) lib/action_dispatch/routing/route_set.rb:52:in `dispatch'
actionpack (5.2.3) lib/action_dispatch/routing/route_set.rb:34:in `serve'
actionpack (5.2.3) lib/action_dispatch/journey/router.rb:52:in `block in serve'
actionpack (5.2.3) lib/action_dispatch/journey/router.rb:35:in `each'
actionpack (5.2.3) lib/action_dispatch/journey/router.rb:35:in `serve'
actionpack (5.2.3) lib/action_dispatch/routing/route_set.rb:840:in `call'
rack (2.0.7) lib/rack/tempfile_reaper.rb:15:in `call'
rack (2.0.7) lib/rack/etag.rb:25:in `call'
rack (2.0.7) lib/rack/conditional_get.rb:25:in `call'
rack (2.0.7) lib/rack/head.rb:12:in `call'
actionpack (5.2.3) lib/action_dispatch/http/content_security_policy.rb:18:in `call'
rack (2.0.7) lib/rack/session/abstract/id.rb:232:in `context'
rack (2.0.7) lib/rack/session/abstract/id.rb:226:in `call'
actionpack (5.2.3) lib/action_dispatch/middleware/cookies.rb:670:in `call'
activerecord (5.2.3) lib/active_record/migration.rb:559:in `call'
actionpack (5.2.3) lib/action_dispatch/middleware/callbacks.rb:28:in `block in call'
activesupport (5.2.3) lib/active_support/callbacks.rb:98:in `run_callbacks'
actionpack (5.2.3) lib/action_dispatch/middleware/callbacks.rb:26:in `call'
actionpack (5.2.3) lib/action_dispatch/middleware/executor.rb:14:in `call'
actionpack (5.2.3) lib/action_dispatch/middleware/debug_exceptions.rb:61:in `call'
web-console (3.7.0) lib/web_console/middleware.rb:135:in `call_app'
web-console (3.7.0) lib/web_console/middleware.rb:30:in `block in call'
web-console (3.7.0) lib/web_console/middleware.rb:20:in `catch'
web-console (3.7.0) lib/web_console/middleware.rb:20:in `call'
actionpack (5.2.3) lib/action_dispatch/middleware/show_exceptions.rb:33:in `call'
railties (5.2.3) lib/rails/rack/logger.rb:38:in `call_app'
railties (5.2.3) lib/rails/rack/logger.rb:26:in `block in call'
activesupport (5.2.3) lib/active_support/tagged_logging.rb:71:in `block in tagged'
activesupport (5.2.3) lib/active_support/tagged_logging.rb:28:in `tagged'
activesupport (5.2.3) lib/active_support/tagged_logging.rb:71:in `tagged'
railties (5.2.3) lib/rails/rack/logger.rb:26:in `call'
sprockets-rails (3.2.1) lib/sprockets/rails/quiet_assets.rb:13:in `call'
actionpack (5.2.3) lib/action_dispatch/middleware/remote_ip.rb:81:in `call'
actionpack (5.2.3) lib/action_dispatch/middleware/request_id.rb:27:in `call'
rack (2.0.7) lib/rack/method_override.rb:22:in `call'
rack (2.0.7) lib/rack/runtime.rb:22:in `call'
activesupport (5.2.3) lib/active_support/cache/strategy/local_cache_middleware.rb:29:in `call'
actionpack (5.2.3) lib/action_dispatch/middleware/executor.rb:14:in `call'
actionpack (5.2.3) lib/action_dispatch/middleware/static.rb:127:in `call'
rack (2.0.7) lib/rack/sendfile.rb:111:in `call'
railties (5.2.3) lib/rails/engine.rb:524:in `call'
puma (3.12.1) lib/puma/configuration.rb:227:in `call'
puma (3.12.1) lib/puma/server.rb:660:in `handle_request'
puma (3.12.1) lib/puma/server.rb:474:in `process_client'
puma (3.12.1) lib/puma/server.rb:334:in `block in run'
puma (3.12.1) lib/puma/thread_pool.rb:135:in `block in spawn_thread'
Started GET "/" for 127.0.0.1 at 2019-08-18 10:51:10 +0100
  
AbstractController::ActionNotFound (The action 'index' could not be found for HomeController):
  
actionpack (5.2.3) lib/abstract_controller/base.rb:129:in `process'
actionview (5.2.3) lib/action_view/rendering.rb:32:in `process'
actionpack (5.2.3) lib/action_controller/metal.rb:191:in `dispatch'
actionpack (5.2.3) lib/action_controller/metal.rb:252:in `dispatch'
actionpack (5.2.3) lib/action_dispatch/routing/route_set.rb:52:in `dispatch'
actionpack (5.2.3) lib/action_dispatch/routing/route_set.rb:34:in `serve'
actionpack (5.2.3) lib/action_dispatch/journey/router.rb:52:in `block in serve'
actionpack (5.2.3) lib/action_dispatch/journey/router.rb:35:in `each'
actionpack (5.2.3) lib/action_dispatch/journey/router.rb:35:in `serve'
actionpack (5.2.3) lib/action_dispatch/routing/route_set.rb:840:in `call'
rack (2.0.7) lib/rack/tempfile_reaper.rb:15:in `call'
rack (2.0.7) lib/rack/etag.rb:25:in `call'
rack (2.0.7) lib/rack/conditional_get.rb:25:in `call'
rack (2.0.7) lib/rack/head.rb:12:in `call'
actionpack (5.2.3) lib/action_dispatch/http/content_security_policy.rb:18:in `call'
rack (2.0.7) lib/rack/session/abstract/id.rb:232:in `context'
rack (2.0.7) lib/rack/session/abstract/id.rb:226:in `call'
actionpack (5.2.3) lib/action_dispatch/middleware/cookies.rb:670:in `call'
activerecord (5.2.3) lib/active_record/migration.rb:559:in `call'
actionpack (5.2.3) lib/action_dispatch/middleware/callbacks.rb:28:in `block in call'
activesupport (5.2.3) lib/active_support/callbacks.rb:98:in `run_callbacks'
actionpack (5.2.3) lib/action_dispatch/middleware/callbacks.rb:26:in `call'
actionpack (5.2.3) lib/action_dispatch/middleware/executor.rb:14:in `call'
actionpack (5.2.3) lib/action_dispatch/middleware/debug_exceptions.rb:61:in `call'
web-console (3.7.0) lib/web_console/middleware.rb:135:in `call_app'
web-console (3.7.0) lib/web_console/middleware.rb:30:in `block in call'
web-console (3.7.0) lib/web_console/middleware.rb:20:in `catch'
web-console (3.7.0) lib/web_console/middleware.rb:20:in `call'
actionpack (5.2.3) lib/action_dispatch/middleware/show_exceptions.rb:33:in `call'
railties (5.2.3) lib/rails/rack/logger.rb:38:in `call_app'
railties (5.2.3) lib/rails/rack/logger.rb:26:in `block in call'
activesupport (5.2.3) lib/active_support/tagged_logging.rb:71:in `block in tagged'
activesupport (5.2.3) lib/active_support/tagged_logging.rb:28:in `tagged'
activesupport (5.2.3) lib/active_support/tagged_logging.rb:71:in `tagged'
railties (5.2.3) lib/rails/rack/logger.rb:26:in `call'
sprockets-rails (3.2.1) lib/sprockets/rails/quiet_assets.rb:13:in `call'
actionpack (5.2.3) lib/action_dispatch/middleware/remote_ip.rb:81:in `call'
actionpack (5.2.3) lib/action_dispatch/middleware/request_id.rb:27:in `call'
rack (2.0.7) lib/rack/method_override.rb:22:in `call'
rack (2.0.7) lib/rack/runtime.rb:22:in `call'
activesupport (5.2.3) lib/active_support/cache/strategy/local_cache_middleware.rb:29:in `call'
actionpack (5.2.3) lib/action_dispatch/middleware/executor.rb:14:in `call'
actionpack (5.2.3) lib/action_dispatch/middleware/static.rb:127:in `call'
rack (2.0.7) lib/rack/sendfile.rb:111:in `call'
railties (5.2.3) lib/rails/engine.rb:524:in `call'
puma (3.12.1) lib/puma/configuration.rb:227:in `call'
puma (3.12.1) lib/puma/server.rb:660:in `handle_request'
puma (3.12.1) lib/puma/server.rb:474:in `process_client'
puma (3.12.1) lib/puma/server.rb:334:in `block in run'
puma (3.12.1) lib/puma/thread_pool.rb:135:in `block in spawn_thread'
Started GET "/" for 127.0.0.1 at 2019-08-18 10:52:18 +0100
  [1m[35m (1.3ms)[0m  [1m[35mSET  @@SESSION.sql_mode = CONCAT(CONCAT(@@sql_mode, ',STRICT_ALL_TABLES'), ',NO_AUTO_VALUE_ON_ZERO'),  @@SESSION.sql_auto_is_null = 0, @@SESSION.wait_timeout = 2147483[0m
  ↳ /usr/local/rvm/gems/ruby-2.5.1@helpesk/gems/activerecord-5.2.3/lib/active_record/log_subscriber.rb:98
  [1m[35m (1.3ms)[0m  [1m[34mSELECT `schema_migrations`.`version` FROM `schema_migrations` ORDER BY `schema_migrations`.`version` ASC[0m
  ↳ /usr/local/rvm/gems/ruby-2.5.1@helpesk/gems/activerecord-5.2.3/lib/active_record/log_subscriber.rb:98
  
AbstractController::ActionNotFound (The action 'index' could not be found for HomeController):
  
actionpack (5.2.3) lib/abstract_controller/base.rb:129:in `process'
actionview (5.2.3) lib/action_view/rendering.rb:32:in `process'
actionpack (5.2.3) lib/action_controller/metal.rb:191:in `dispatch'
actionpack (5.2.3) lib/action_controller/metal.rb:252:in `dispatch'
actionpack (5.2.3) lib/action_dispatch/routing/route_set.rb:52:in `dispatch'
actionpack (5.2.3) lib/action_dispatch/routing/route_set.rb:34:in `serve'
actionpack (5.2.3) lib/action_dispatch/journey/router.rb:52:in `block in serve'
actionpack (5.2.3) lib/action_dispatch/journey/router.rb:35:in `each'
actionpack (5.2.3) lib/action_dispatch/journey/router.rb:35:in `serve'
actionpack (5.2.3) lib/action_dispatch/routing/route_set.rb:840:in `call'
rack (2.0.7) lib/rack/tempfile_reaper.rb:15:in `call'
rack (2.0.7) lib/rack/etag.rb:25:in `call'
rack (2.0.7) lib/rack/conditional_get.rb:25:in `call'
rack (2.0.7) lib/rack/head.rb:12:in `call'
actionpack (5.2.3) lib/action_dispatch/http/content_security_policy.rb:18:in `call'
rack (2.0.7) lib/rack/session/abstract/id.rb:232:in `context'
rack (2.0.7) lib/rack/session/abstract/id.rb:226:in `call'
actionpack (5.2.3) lib/action_dispatch/middleware/cookies.rb:670:in `call'
activerecord (5.2.3) lib/active_record/migration.rb:559:in `call'
actionpack (5.2.3) lib/action_dispatch/middleware/callbacks.rb:28:in `block in call'
activesupport (5.2.3) lib/active_support/callbacks.rb:98:in `run_callbacks'
actionpack (5.2.3) lib/action_dispatch/middleware/callbacks.rb:26:in `call'
actionpack (5.2.3) lib/action_dispatch/middleware/executor.rb:14:in `call'
actionpack (5.2.3) lib/action_dispatch/middleware/debug_exceptions.rb:61:in `call'
web-console (3.7.0) lib/web_console/middleware.rb:135:in `call_app'
web-console (3.7.0) lib/web_console/middleware.rb:30:in `block in call'
web-console (3.7.0) lib/web_console/middleware.rb:20:in `catch'
web-console (3.7.0) lib/web_console/middleware.rb:20:in `call'
actionpack (5.2.3) lib/action_dispatch/middleware/show_exceptions.rb:33:in `call'
railties (5.2.3) lib/rails/rack/logger.rb:38:in `call_app'
railties (5.2.3) lib/rails/rack/logger.rb:26:in `block in call'
activesupport (5.2.3) lib/active_support/tagged_logging.rb:71:in `block in tagged'
activesupport (5.2.3) lib/active_support/tagged_logging.rb:28:in `tagged'
activesupport (5.2.3) lib/active_support/tagged_logging.rb:71:in `tagged'
railties (5.2.3) lib/rails/rack/logger.rb:26:in `call'
sprockets-rails (3.2.1) lib/sprockets/rails/quiet_assets.rb:13:in `call'
actionpack (5.2.3) lib/action_dispatch/middleware/remote_ip.rb:81:in `call'
actionpack (5.2.3) lib/action_dispatch/middleware/request_id.rb:27:in `call'
rack (2.0.7) lib/rack/method_override.rb:22:in `call'
rack (2.0.7) lib/rack/runtime.rb:22:in `call'
activesupport (5.2.3) lib/active_support/cache/strategy/local_cache_middleware.rb:29:in `call'
actionpack (5.2.3) lib/action_dispatch/middleware/executor.rb:14:in `call'
actionpack (5.2.3) lib/action_dispatch/middleware/static.rb:127:in `call'
rack (2.0.7) lib/rack/sendfile.rb:111:in `call'
railties (5.2.3) lib/rails/engine.rb:524:in `call'
puma (3.12.1) lib/puma/configuration.rb:227:in `call'
puma (3.12.1) lib/puma/server.rb:660:in `handle_request'
puma (3.12.1) lib/puma/server.rb:474:in `process_client'
puma (3.12.1) lib/puma/server.rb:334:in `block in run'
puma (3.12.1) lib/puma/thread_pool.rb:135:in `block in spawn_thread'
Started GET "/" for 127.0.0.1 at 2019-08-18 10:52:35 +0100
Processing by HomeController#index as HTML
Completed 406 Not Acceptable in 725ms (ActiveRecord: 0.0ms)


  
ActionController::UnknownFormat (HomeController#index is missing a template for this request format and variant.

request.formats: ["text/html"]
request.variant: []

NOTE! For XHR/Ajax or API requests, this action would normally respond with 204 No Content: an empty white screen. Since you're loading it in a web browser, we assume that you expected to actually render a template, not nothing, so we're showing an error to be extra-clear. If you expect 204 No Content, carry on. That's what you'll get from an XHR or API request. Give it a shot.):
  
actionpack (5.2.3) lib/action_controller/metal/implicit_render.rb:55:in `default_render'
actionpack (5.2.3) lib/action_controller/metal/basic_implicit_render.rb:6:in `block in send_action'
actionpack (5.2.3) lib/action_controller/metal/basic_implicit_render.rb:6:in `tap'
actionpack (5.2.3) lib/action_controller/metal/basic_implicit_render.rb:6:in `send_action'
actionpack (5.2.3) lib/abstract_controller/base.rb:194:in `process_action'
actionpack (5.2.3) lib/action_controller/metal/rendering.rb:30:in `process_action'
actionpack (5.2.3) lib/abstract_controller/callbacks.rb:42:in `block in process_action'
activesupport (5.2.3) lib/active_support/callbacks.rb:132:in `run_callbacks'
actionpack (5.2.3) lib/abstract_controller/callbacks.rb:41:in `process_action'
actionpack (5.2.3) lib/action_controller/metal/rescue.rb:22:in `process_action'
actionpack (5.2.3) lib/action_controller/metal/instrumentation.rb:34:in `block in process_action'
activesupport (5.2.3) lib/active_support/notifications.rb:168:in `block in instrument'
activesupport (5.2.3) lib/active_support/notifications/instrumenter.rb:23:in `instrument'
activesupport (5.2.3) lib/active_support/notifications.rb:168:in `instrument'
actionpack (5.2.3) lib/action_controller/metal/instrumentation.rb:32:in `process_action'
actionpack (5.2.3) lib/action_controller/metal/params_wrapper.rb:256:in `process_action'
activerecord (5.2.3) lib/active_record/railties/controller_runtime.rb:24:in `process_action'
actionpack (5.2.3) lib/abstract_controller/base.rb:134:in `process'
actionview (5.2.3) lib/action_view/rendering.rb:32:in `process'
actionpack (5.2.3) lib/action_controller/metal.rb:191:in `dispatch'
actionpack (5.2.3) lib/action_controller/metal.rb:252:in `dispatch'
actionpack (5.2.3) lib/action_dispatch/routing/route_set.rb:52:in `dispatch'
actionpack (5.2.3) lib/action_dispatch/routing/route_set.rb:34:in `serve'
actionpack (5.2.3) lib/action_dispatch/journey/router.rb:52:in `block in serve'
actionpack (5.2.3) lib/action_dispatch/journey/router.rb:35:in `each'
actionpack (5.2.3) lib/action_dispatch/journey/router.rb:35:in `serve'
actionpack (5.2.3) lib/action_dispatch/routing/route_set.rb:840:in `call'
rack (2.0.7) lib/rack/tempfile_reaper.rb:15:in `call'
rack (2.0.7) lib/rack/etag.rb:25:in `call'
rack (2.0.7) lib/rack/conditional_get.rb:25:in `call'
rack (2.0.7) lib/rack/head.rb:12:in `call'
actionpack (5.2.3) lib/action_dispatch/http/content_security_policy.rb:18:in `call'
rack (2.0.7) lib/rack/session/abstract/id.rb:232:in `context'
rack (2.0.7) lib/rack/session/abstract/id.rb:226:in `call'
actionpack (5.2.3) lib/action_dispatch/middleware/cookies.rb:670:in `call'
activerecord (5.2.3) lib/active_record/migration.rb:559:in `call'
actionpack (5.2.3) lib/action_dispatch/middleware/callbacks.rb:28:in `block in call'
activesupport (5.2.3) lib/active_support/callbacks.rb:98:in `run_callbacks'
actionpack (5.2.3) lib/action_dispatch/middleware/callbacks.rb:26:in `call'
actionpack (5.2.3) lib/action_dispatch/middleware/executor.rb:14:in `call'
actionpack (5.2.3) lib/action_dispatch/middleware/debug_exceptions.rb:61:in `call'
web-console (3.7.0) lib/web_console/middleware.rb:135:in `call_app'
web-console (3.7.0) lib/web_console/middleware.rb:30:in `block in call'
web-console (3.7.0) lib/web_console/middleware.rb:20:in `catch'
web-console (3.7.0) lib/web_console/middleware.rb:20:in `call'
actionpack (5.2.3) lib/action_dispatch/middleware/show_exceptions.rb:33:in `call'
railties (5.2.3) lib/rails/rack/logger.rb:38:in `call_app'
railties (5.2.3) lib/rails/rack/logger.rb:26:in `block in call'
activesupport (5.2.3) lib/active_support/tagged_logging.rb:71:in `block in tagged'
activesupport (5.2.3) lib/active_support/tagged_logging.rb:28:in `tagged'
activesupport (5.2.3) lib/active_support/tagged_logging.rb:71:in `tagged'
railties (5.2.3) lib/rails/rack/logger.rb:26:in `call'
sprockets-rails (3.2.1) lib/sprockets/rails/quiet_assets.rb:13:in `call'
actionpack (5.2.3) lib/action_dispatch/middleware/remote_ip.rb:81:in `call'
actionpack (5.2.3) lib/action_dispatch/middleware/request_id.rb:27:in `call'
rack (2.0.7) lib/rack/method_override.rb:22:in `call'
rack (2.0.7) lib/rack/runtime.rb:22:in `call'
activesupport (5.2.3) lib/active_support/cache/strategy/local_cache_middleware.rb:29:in `call'
actionpack (5.2.3) lib/action_dispatch/middleware/executor.rb:14:in `call'
actionpack (5.2.3) lib/action_dispatch/middleware/static.rb:127:in `call'
rack (2.0.7) lib/rack/sendfile.rb:111:in `call'
railties (5.2.3) lib/rails/engine.rb:524:in `call'
puma (3.12.1) lib/puma/configuration.rb:227:in `call'
puma (3.12.1) lib/puma/server.rb:660:in `handle_request'
puma (3.12.1) lib/puma/server.rb:474:in `process_client'
puma (3.12.1) lib/puma/server.rb:334:in `block in run'
puma (3.12.1) lib/puma/thread_pool.rb:135:in `block in spawn_thread'
Started GET "/" for 127.0.0.1 at 2019-08-18 10:53:22 +0100
Processing by HomeController#index as HTML
Completed 406 Not Acceptable in 590ms (ActiveRecord: 0.0ms)


  
ActionController::UnknownFormat (HomeController#index is missing a template for this request format and variant.

request.formats: ["text/html"]
request.variant: []

NOTE! For XHR/Ajax or API requests, this action would normally respond with 204 No Content: an empty white screen. Since you're loading it in a web browser, we assume that you expected to actually render a template, not nothing, so we're showing an error to be extra-clear. If you expect 204 No Content, carry on. That's what you'll get from an XHR or API request. Give it a shot.):
  
actionpack (5.2.3) lib/action_controller/metal/implicit_render.rb:55:in `default_render'
actionpack (5.2.3) lib/action_controller/metal/basic_implicit_render.rb:6:in `block in send_action'
actionpack (5.2.3) lib/action_controller/metal/basic_implicit_render.rb:6:in `tap'
actionpack (5.2.3) lib/action_controller/metal/basic_implicit_render.rb:6:in `send_action'
actionpack (5.2.3) lib/abstract_controller/base.rb:194:in `process_action'
actionpack (5.2.3) lib/action_controller/metal/rendering.rb:30:in `process_action'
actionpack (5.2.3) lib/abstract_controller/callbacks.rb:42:in `block in process_action'
activesupport (5.2.3) lib/active_support/callbacks.rb:132:in `run_callbacks'
actionpack (5.2.3) lib/abstract_controller/callbacks.rb:41:in `process_action'
actionpack (5.2.3) lib/action_controller/metal/rescue.rb:22:in `process_action'
actionpack (5.2.3) lib/action_controller/metal/instrumentation.rb:34:in `block in process_action'
activesupport (5.2.3) lib/active_support/notifications.rb:168:in `block in instrument'
activesupport (5.2.3) lib/active_support/notifications/instrumenter.rb:23:in `instrument'
activesupport (5.2.3) lib/active_support/notifications.rb:168:in `instrument'
actionpack (5.2.3) lib/action_controller/metal/instrumentation.rb:32:in `process_action'
actionpack (5.2.3) lib/action_controller/metal/params_wrapper.rb:256:in `process_action'
activerecord (5.2.3) lib/active_record/railties/controller_runtime.rb:24:in `process_action'
actionpack (5.2.3) lib/abstract_controller/base.rb:134:in `process'
actionview (5.2.3) lib/action_view/rendering.rb:32:in `process'
actionpack (5.2.3) lib/action_controller/metal.rb:191:in `dispatch'
actionpack (5.2.3) lib/action_controller/metal.rb:252:in `dispatch'
actionpack (5.2.3) lib/action_dispatch/routing/route_set.rb:52:in `dispatch'
actionpack (5.2.3) lib/action_dispatch/routing/route_set.rb:34:in `serve'
actionpack (5.2.3) lib/action_dispatch/journey/router.rb:52:in `block in serve'
actionpack (5.2.3) lib/action_dispatch/journey/router.rb:35:in `each'
actionpack (5.2.3) lib/action_dispatch/journey/router.rb:35:in `serve'
actionpack (5.2.3) lib/action_dispatch/routing/route_set.rb:840:in `call'
rack (2.0.7) lib/rack/tempfile_reaper.rb:15:in `call'
rack (2.0.7) lib/rack/etag.rb:25:in `call'
rack (2.0.7) lib/rack/conditional_get.rb:25:in `call'
rack (2.0.7) lib/rack/head.rb:12:in `call'
actionpack (5.2.3) lib/action_dispatch/http/content_security_policy.rb:18:in `call'
rack (2.0.7) lib/rack/session/abstract/id.rb:232:in `context'
rack (2.0.7) lib/rack/session/abstract/id.rb:226:in `call'
actionpack (5.2.3) lib/action_dispatch/middleware/cookies.rb:670:in `call'
activerecord (5.2.3) lib/active_record/migration.rb:559:in `call'
actionpack (5.2.3) lib/action_dispatch/middleware/callbacks.rb:28:in `block in call'
activesupport (5.2.3) lib/active_support/callbacks.rb:98:in `run_callbacks'
actionpack (5.2.3) lib/action_dispatch/middleware/callbacks.rb:26:in `call'
actionpack (5.2.3) lib/action_dispatch/middleware/executor.rb:14:in `call'
actionpack (5.2.3) lib/action_dispatch/middleware/debug_exceptions.rb:61:in `call'
web-console (3.7.0) lib/web_console/middleware.rb:135:in `call_app'
web-console (3.7.0) lib/web_console/middleware.rb:30:in `block in call'
web-console (3.7.0) lib/web_console/middleware.rb:20:in `catch'
web-console (3.7.0) lib/web_console/middleware.rb:20:in `call'
actionpack (5.2.3) lib/action_dispatch/middleware/show_exceptions.rb:33:in `call'
railties (5.2.3) lib/rails/rack/logger.rb:38:in `call_app'
railties (5.2.3) lib/rails/rack/logger.rb:26:in `block in call'
activesupport (5.2.3) lib/active_support/tagged_logging.rb:71:in `block in tagged'
activesupport (5.2.3) lib/active_support/tagged_logging.rb:28:in `tagged'
activesupport (5.2.3) lib/active_support/tagged_logging.rb:71:in `tagged'
railties (5.2.3) lib/rails/rack/logger.rb:26:in `call'
sprockets-rails (3.2.1) lib/sprockets/rails/quiet_assets.rb:13:in `call'
actionpack (5.2.3) lib/action_dispatch/middleware/remote_ip.rb:81:in `call'
actionpack (5.2.3) lib/action_dispatch/middleware/request_id.rb:27:in `call'
rack (2.0.7) lib/rack/method_override.rb:22:in `call'
rack (2.0.7) lib/rack/runtime.rb:22:in `call'
activesupport (5.2.3) lib/active_support/cache/strategy/local_cache_middleware.rb:29:in `call'
actionpack (5.2.3) lib/action_dispatch/middleware/executor.rb:14:in `call'
actionpack (5.2.3) lib/action_dispatch/middleware/static.rb:127:in `call'
rack (2.0.7) lib/rack/sendfile.rb:111:in `call'
railties (5.2.3) lib/rails/engine.rb:524:in `call'
puma (3.12.1) lib/puma/configuration.rb:227:in `call'
puma (3.12.1) lib/puma/server.rb:660:in `handle_request'
puma (3.12.1) lib/puma/server.rb:474:in `process_client'
puma (3.12.1) lib/puma/server.rb:334:in `block in run'
puma (3.12.1) lib/puma/thread_pool.rb:135:in `block in spawn_thread'
Started GET "/" for 127.0.0.1 at 2019-08-18 10:53:31 +0100
Processing by Rails::WelcomeController#index as HTML
  Rendering /usr/local/rvm/gems/ruby-2.5.1@helpesk/gems/railties-5.2.3/lib/rails/templates/rails/welcome/index.html.erb
  Rendered /usr/local/rvm/gems/ruby-2.5.1@helpesk/gems/railties-5.2.3/lib/rails/templates/rails/welcome/index.html.erb (5.1ms)
Completed 200 OK in 13ms (Views: 10.1ms | ActiveRecord: 0.0ms)


  [1m[35m (1.2ms)[0m  [1m[35mSET  @@SESSION.sql_mode = CONCAT(CONCAT(@@sql_mode, ',STRICT_ALL_TABLES'), ',NO_AUTO_VALUE_ON_ZERO'),  @@SESSION.sql_auto_is_null = 0, @@SESSION.wait_timeout = 2147483[0m
  ↳ /usr/local/rvm/gems/ruby-2.5.1@helpesk/bin/rake:23
  [1m[35m (0.6ms)[0m  [1m[34mSELECT GET_LOCK('4592534957534270880', 0)[0m
  ↳ /usr/local/rvm/gems/ruby-2.5.1@helpesk/bin/rake:23
  [1m[35m (1.0ms)[0m  [1m[34mSELECT `schema_migrations`.`version` FROM `schema_migrations` ORDER BY `schema_migrations`.`version` ASC[0m
  ↳ /usr/local/rvm/gems/ruby-2.5.1@helpesk/bin/rake:23
Migrating to CreateQuizesPeople (20190818103447)
  [1m[35m (3.0ms)[0m  [1m[35mCREATE TABLE `quizes_people` (`id` bigint NOT NULL AUTO_INCREMENT PRIMARY KEY, `quiz_id` bigint, `person_id` bigint,  INDEX `index_quizes_people_on_quiz_id`  (`quiz_id`),  INDEX `index_quizes_people_on_person_id`  (`person_id`), CONSTRAINT `fk_rails_922d664153`
FOREIGN KEY (`quiz_id`)
  REFERENCES `quizzes` (`id`)
, CONSTRAINT `fk_rails_651dc63440`
FOREIGN KEY (`person_id`)
  REFERENCES `people` (`id`)
)[0m
  ↳ db/migrate/20190818103447_create_quizes_people.rb:3
  [1m[35m (0.6ms)[0m  [1m[34mSELECT RELEASE_LOCK('4592534957534270880')[0m
  ↳ /usr/local/rvm/gems/ruby-2.5.1@helpesk/bin/rake:23
  [1m[35m (0.8ms)[0m  [1m[35mSET  @@SESSION.sql_mode = CONCAT(CONCAT(@@sql_mode, ',STRICT_ALL_TABLES'), ',NO_AUTO_VALUE_ON_ZERO'),  @@SESSION.sql_auto_is_null = 0, @@SESSION.wait_timeout = 2147483[0m
  ↳ /usr/local/rvm/gems/ruby-2.5.1@helpesk/bin/rake:23
  [1m[35m (0.5ms)[0m  [1m[34mSELECT GET_LOCK('4592534957534270880', 0)[0m
  ↳ /usr/local/rvm/gems/ruby-2.5.1@helpesk/bin/rake:23
  [1m[35m (0.7ms)[0m  [1m[34mSELECT `schema_migrations`.`version` FROM `schema_migrations` ORDER BY `schema_migrations`.`version` ASC[0m
  ↳ /usr/local/rvm/gems/ruby-2.5.1@helpesk/bin/rake:23
Migrating to CreateQuizPeople (20190818103447)
  [1m[35m (1.6ms)[0m  [1m[35mCREATE TABLE `quiz_people` (`id` bigint NOT NULL AUTO_INCREMENT PRIMARY KEY, `quiz_id` bigint, `person_id` bigint,  INDEX `index_quiz_people_on_quiz_id`  (`quiz_id`),  INDEX `index_quiz_people_on_person_id`  (`person_id`), CONSTRAINT `fk_rails_f61c35458c`
FOREIGN KEY (`quiz_id`)
  REFERENCES `quizzes` (`id`)
, CONSTRAINT `fk_rails_a6769b0297`
FOREIGN KEY (`person_id`)
  REFERENCES `people` (`id`)
)[0m
  ↳ db/migrate/20190818103447_create_quiz_people.rb:3
  [1m[35m (0.5ms)[0m  [1m[34mSELECT RELEASE_LOCK('4592534957534270880')[0m
  ↳ /usr/local/rvm/gems/ruby-2.5.1@helpesk/bin/rake:23
  [1m[35m (1.1ms)[0m  [1m[35mSET  @@SESSION.sql_mode = CONCAT(CONCAT(@@sql_mode, ',STRICT_ALL_TABLES'), ',NO_AUTO_VALUE_ON_ZERO'),  @@SESSION.sql_auto_is_null = 0, @@SESSION.wait_timeout = 2147483[0m
  ↳ /usr/local/rvm/gems/ruby-2.5.1@helpesk/bin/rake:23
  [1m[35m (0.4ms)[0m  [1m[34mSELECT GET_LOCK('4592534957534270880', 0)[0m
  ↳ /usr/local/rvm/gems/ruby-2.5.1@helpesk/bin/rake:23
  [1m[35m (0.6ms)[0m  [1m[34mSELECT `schema_migrations`.`version` FROM `schema_migrations` ORDER BY `schema_migrations`.`version` ASC[0m
  ↳ /usr/local/rvm/gems/ruby-2.5.1@helpesk/bin/rake:23
Migrating to CreateQuizPerson (20190818103447)
  [1m[35m (1.5ms)[0m  [1m[35mCREATE TABLE `quiz_people` (`id` bigint NOT NULL AUTO_INCREMENT PRIMARY KEY, `quiz_id` bigint, `person_id` bigint,  INDEX `index_quiz_people_on_quiz_id`  (`quiz_id`),  INDEX `index_quiz_people_on_person_id`  (`person_id`), CONSTRAINT `fk_rails_f61c35458c`
FOREIGN KEY (`quiz_id`)
  REFERENCES `quizzes` (`id`)
, CONSTRAINT `fk_rails_a6769b0297`
FOREIGN KEY (`person_id`)
  REFERENCES `people` (`id`)
)[0m
  ↳ db/migrate/20190818103447_create_quiz_person.rb:3
  [1m[35m (0.4ms)[0m  [1m[34mSELECT RELEASE_LOCK('4592534957534270880')[0m
  ↳ /usr/local/rvm/gems/ruby-2.5.1@helpesk/bin/rake:23
  [1m[35m (1.1ms)[0m  [1m[35mSET  @@SESSION.sql_mode = CONCAT(CONCAT(@@sql_mode, ',STRICT_ALL_TABLES'), ',NO_AUTO_VALUE_ON_ZERO'),  @@SESSION.sql_auto_is_null = 0, @@SESSION.wait_timeout = 2147483[0m
  ↳ /usr/local/rvm/gems/ruby-2.5.1@helpesk/bin/rake:23
  [1m[35m (0.5ms)[0m  [1m[34mSELECT GET_LOCK('4592534957534270880', 0)[0m
  ↳ /usr/local/rvm/gems/ruby-2.5.1@helpesk/bin/rake:23
  [1m[35m (0.6ms)[0m  [1m[34mSELECT `schema_migrations`.`version` FROM `schema_migrations` ORDER BY `schema_migrations`.`version` ASC[0m
  ↳ /usr/local/rvm/gems/ruby-2.5.1@helpesk/bin/rake:23
Migrating to CreateQuizPerson (20190818103447)
  [1m[35m (2.0ms)[0m  [1m[35mCREATE TABLE `quiz_person` (`id` bigint NOT NULL AUTO_INCREMENT PRIMARY KEY, `quiz_id` bigint, `person_id` bigint,  INDEX `index_quiz_person_on_quiz_id`  (`quiz_id`),  INDEX `index_quiz_person_on_person_id`  (`person_id`), CONSTRAINT `fk_rails_0525bf6fbf`
FOREIGN KEY (`quiz_id`)
  REFERENCES `quizzes` (`id`)
, CONSTRAINT `fk_rails_8fe4187e2f`
FOREIGN KEY (`person_id`)
  REFERENCES `people` (`id`)
)[0m
  ↳ db/migrate/20190818103447_create_quiz_person.rb:3
  [1m[35m (0.4ms)[0m  [1m[34mSELECT RELEASE_LOCK('4592534957534270880')[0m
  ↳ /usr/local/rvm/gems/ruby-2.5.1@helpesk/bin/rake:23
